--------------------Moonraker Log Start--------------------
data_path: /home/pi/printer_data
is_default_data_path: False
config_file: /home/pi/klipper_config/moonraker.conf
startup_warnings: []
verbose: False
debug: False
asyncio_debug: False
is_backup_config: False
log_file: /home/pi/klipper_logs/moonraker.log
software_version: v0.7.1-780-gdde9bcc
python_version: 3.7.3 (default, Jan 22 2021, 20:04:44)  [GCC 8.3.0]

#################### Moonraker Configuration ####################

[server]
host = 0.0.0.0
port = 7125
max_upload_size = 1024

[file_manager]
enable_object_processing = true

[authorization]
cors_domains = 
	https://my.mainsail.xyz
	http://my.mainsail.xyz
	http://*.local
	http://*.lan
trusted_clients = 
	10.0.0.0/8
	127.0.0.0/8
	169.254.0.0/16
	172.16.0.0/12
	192.168.0.0/16
	FE80::/10
	::1/128

[octoprint_compat]

[history]

[announcements]
subscriptions = 
	mainsail

[update_manager]
refresh_interval = 168
enable_auto_refresh = True

[update_manager mainsail]
type = web
channel = stable
repo = mainsail-crew/mainsail
path = ~/mainsail

[update_manager crowsnest]
type = git_repo
path = ~/crowsnest
origin = https://github.com/mainsail-crew/crowsnest.git
install_script = tools/install.sh

[update_manager timelapse]
type = git_repo
primary_branch = main
path = ~/moonraker-timelapse
origin = https://github.com/mainsail-crew/moonraker-timelapse.git
managed_services = klipper moonraker

[update_manager moonraker-obico]
type = git_repo
path = ~/moonraker-obico
origin = https://github.com/TheSpaghettiDetective/moonraker-obico.git
env = /home/pi/moonraker-env/bin/python
requirements = requirements.txt
install_script = install.sh
managed_services = 
	moonraker-obico

#################################################################
All Configuration Files:
/home/pi/klipper_config/moonraker.conf
/home/pi/klipper_config/moonraker-obico-update.cfg
#################################################################
Unsafe Shutdown Count: 37

System Info:

***python***
  version: sys.version_info(major=3, minor=7, micro=3, releaselevel='final', serial=0)
  version_string: 3.7.3 (default, Jan 22 2021, 20:04:44)  [GCC 8.3.0]

***cpu_info***
  cpu_count: 4
  bits: 32bit
  processor: armv7l
  cpu_desc: ARMv7 Processor rev 4 (v7l)
  serial_number: 814b63ac
  hardware_desc: BCM2835
  model: Raspberry Pi 3 Model B Plus Rev 1.3
  total_memory: 892588
  memory_units: kB

***sd_info***
  manufacturer_id: 9f
  manufacturer: Unknown
  oem_id: 5449
  product_name: SD16G
  product_revision: 6.1
  serial_number: b150133e
  manufacturer_date: 6/2021
  capacity: 14.6 GiB
  total_bytes: 15646851072

***distribution***
  name: Raspbian GNU/Linux 10 (buster)
  id: raspbian
  version: 10
  version_parts: {'major': '10', 'minor': '', 'build_number': ''}
  like: debian
  codename: buster
  release_info: {'name': '0.', 'version_id': '5.0', 'id': 'mainsailos'}

***virtualization***
  virt_type: none
  virt_identifier: none

***network***

***canbus***

Systemd unit moonraker.service:
unit_name: moonraker.service
is_default: True
Properties:
**Requires=['-.mount', 'network-online.target', 'sysinit.target', 'system.slice']
**After=['systemd-journald.socket', 'klipper.service', '-.mount', 'sysinit.target', 'basic.target', 'network-online.target', 'system.slice']
**SupplementaryGroups=['moonraker-admin']
**EnvironmentFiles=/home/pi/printer_data/systemd/moonraker.env
**ExecStart=/home/pi/moonraker-env/bin/python $MOONRAKER_ARGS
**WorkingDirectory=/home/pi/moonraker
**FragmentPath=/etc/systemd/system/moonraker.service
**Description=API Server for Klipper SV1
**User=pi

Systemd unit klipper.service:
unit_name: klipper.service
is_default: True
Properties:
**Description=Starts Klipper and provides klippy Unix Domain Socket API
**ExecStart=/home/pi/klippy-env/bin/python /home/pi/klipper/klippy/klippy.py ${KLIPPER_CONFIG} -l ${KLIPPER_LOG} -a ${KLIPPER_SOCKET}
**FragmentPath=/etc/systemd/system/klipper.service
Klipper Version: v0.11.0-6-g336cc92a
2022-12-12 01:00:57,543 [websockets.py:write_to_socket()] - Websocket closed while writing: 1749189456
2022-12-12 01:01:02,309 [websockets.py:on_close()] - Websocket Closed: ID: 1749189456 Close Code: None, Close Reason: None, Pong Time Elapsed: 45.00
2022-12-12 01:02:41,247 [authorization.py:_prune_conn_handler()] - Trusted Connection Expired, IP: 10.1.2.150
2022-12-12 01:08:48,459 [websockets.py:write_to_socket()] - Websocket closed while writing: 1749229424
2022-12-12 01:08:53,455 [websockets.py:on_close()] - Websocket Closed: ID: 1749229424 Close Code: None, Close Reason: None, Pong Time Elapsed: 45.00
2022-12-12 08:06:12,553 [authorization.py:_check_trusted_connection()] - Trusted Connection Detected, IP: 10.1.2.150
2022-12-12 08:06:12,557 [app.py:log_request()] - 101 GET /websocket (10.1.2.150) [_TRUSTED_USER_] 7.24ms
2022-12-12 08:06:12,558 [websockets.py:open()] - Websocket Opened: ID: 1749093072, Proxied: True, User Agent: Mozilla/5.0 (Windows NT 10.0; Win64; x64) AppleWebKit/537.36 (KHTML, like Gecko) Chrome/108.0.0.0 Safari/537.36 Edg/108.0.1462.46, Host Name: red0.local
2022-12-12 08:06:12,567 [websockets.py:_handle_identify()] - Websocket 1749093072 Client Identified - Name: mainsail, Version: 2.4.0, Type: web
2022-12-12 08:06:12,753 [app.py:log_request()] - 101 GET /websocket (10.1.2.150) [_TRUSTED_USER_] 3.79ms
2022-12-12 08:06:12,753 [websockets.py:open()] - Websocket Opened: ID: 1749161264, Proxied: False, User Agent: Mozilla/5.0 (Windows NT 10.0; Win64; x64) AppleWebKit/537.36 (KHTML, like Gecko) Chrome/108.0.0.0 Safari/537.36 Edg/108.0.1462.46, Host Name: red0.local
2022-12-12 08:06:12,794 [app.py:log_request()] - 101 GET /websocket (10.1.2.150) [_TRUSTED_USER_] 2.59ms
2022-12-12 08:06:12,795 [websockets.py:open()] - Websocket Opened: ID: 1749126992, Proxied: False, User Agent: Mozilla/5.0 (Windows NT 10.0; Win64; x64) AppleWebKit/537.36 (KHTML, like Gecko) Chrome/108.0.0.0 Safari/537.36 Edg/108.0.1462.46, Host Name: red0.local
2022-12-12 08:06:12,832 [file_manager.py:get_file_list()] - Updating File List <config>...
2022-12-12 08:06:21,448 [job_state.py:_status_update()] - Job Started: MakerBeam_XL_Nut_v2-RED-V0 red ABS.gcode
2022-12-12 08:18:31,073 [websockets.py:on_close()] - Websocket Closed: ID: 1749126992 Close Code: 1001, Close Reason: None, Pong Time Elapsed: 8.27
2022-12-12 08:18:31,078 [websockets.py:on_close()] - Websocket Closed: ID: 1749161264 Close Code: 1001, Close Reason: None, Pong Time Elapsed: 8.32
2022-12-12 08:26:27,737 [app.py:log_request()] - 201 POST /server/files/upload (10.1.2.150) [_TRUSTED_USER_] 28.45ms
2022-12-12 08:26:28,780 [klippy_connection.py:_on_connection_closed()] - Klippy Connection Removed
2022-12-12 08:26:30,042 [klippy_connection.py:_do_connect()] - Klippy Connection Established
2022-12-12 08:26:30,497 [klippy_connection.py:_init_klippy_connection()] - Webhooks Subscribed
2022-12-12 08:26:30,503 [klippy_connection.py:_init_klippy_connection()] - GCode Output Subscribed
2022-12-12 08:26:32,002 [job_state.py:_handle_started()] - Job state initialized: standby
2022-12-12 08:26:32,283 [klippy_connection.py:_check_ready()] - Klippy ready
2022-12-12 08:26:32,764 [data_store.py:_init_sensors()] - Configuring available sensors: ['temperature_sensor raspberry_pi', 'temperature_sensor mcu_temp', 'heater_bed', 'extruder']
2022-12-12 08:26:38,271 [job_state.py:_status_update()] - Job Started: MakerBeam_XL_Nut_v2-RED-V0 red ABS.gcode
2022-12-12 08:34:12,953 [job_state.py:_status_update()] - Job Started: MakerBeam_XL_Nut_v2-RED-V0 red ABS.gcode
2022-12-12 08:35:54,956 [websockets.py:build_error()] - JSON-RPC Request Error: 400
{'message': 'No trigger on x after full movement', 'error': 'WebRequestError'}
Traceback (most recent call last):
  File "/home/pi/moonraker/moonraker/websockets.py", line 253, in execute_method
    result = await callback(params)
  File "/home/pi/moonraker/moonraker/websockets.py", line 351, in func
    user=sc.user_info))
  File "/home/pi/moonraker/moonraker/klippy_connection.py", line 481, in request
    return await self._request_standard(web_request)
  File "/home/pi/moonraker/moonraker/klippy_connection.py", line 536, in _request_standard
    return await base_request.wait()
  File "/home/pi/moonraker/moonraker/klippy_connection.py", line 608, in wait
    raise self.response
utils.ServerError: {'message': 'No trigger on x after full movement', 'error': 'WebRequestError'}
2022-12-12 08:36:25,541 [app.py:log_request()] - 201 POST /server/files/upload (10.1.2.150) [_TRUSTED_USER_] 22.84ms
2022-12-12 08:36:26,584 [klippy_connection.py:_on_connection_closed()] - Klippy Connection Removed
2022-12-12 08:36:27,846 [klippy_connection.py:_do_connect()] - Klippy Connection Established
2022-12-12 08:36:28,306 [klippy_connection.py:_init_klippy_connection()] - Webhooks Subscribed
2022-12-12 08:36:28,312 [klippy_connection.py:_init_klippy_connection()] - GCode Output Subscribed
2022-12-12 08:36:29,810 [job_state.py:_handle_started()] - Job state initialized: standby
2022-12-12 08:36:30,091 [klippy_connection.py:_check_ready()] - Klippy ready
2022-12-12 08:36:30,573 [data_store.py:_init_sensors()] - Configuring available sensors: ['temperature_sensor raspberry_pi', 'temperature_sensor mcu_temp', 'heater_bed', 'extruder']
2022-12-12 08:36:32,573 [job_state.py:_status_update()] - Job Started: MakerBeam_XL_Nut_v2-RED-V0 red ABS.gcode
2022-12-12 08:41:22,221 [job_state.py:_status_update()] - Job Started: MakerBeam_XL_Nut_v2-RED-V0 red ABS.gcode
2022-12-12 09:37:41,390 [authorization.py:_prune_conn_handler()] - Trusted Connection Expired, IP: 10.1.2.150
2022-12-12 17:05:12,696 [websockets.py:write_to_socket()] - Websocket closed while writing: 1749093072
2022-12-12 17:05:17,563 [websockets.py:on_close()] - Websocket Closed: ID: 1749093072 Close Code: None, Close Reason: None, Pong Time Elapsed: 45.00
