Starting up webcamDaemon...

--- Configuration: ----------------------------
cfg_file:      /home/pi/klipper_config/webcam.txt
camera:        auto
usb options:   -r 640x480 -f 10
raspi options: -fps 10
http options:  -w ./www-mjpgstreamer -n

Explicitly USB device: 
-----------------------------------------------

Found video devices:
/dev/video10
/dev/video11
/dev/video12
/dev/video13
/dev/video14
/dev/video15
/dev/video16
/dev/video18
config file='/home/pi/klipper_config/webcam.txt':USB device was not set in options, start MJPG-streamer with the first found video device: /dev/video10
/usr/local/bin/webcamd: line 184: printf: 0x: invalid hex number
/usr/local/bin/webcamd: line 184: printf: 0x: invalid hex number
<13>Dec 11 09:27:03 pi: Starting USB webcam
Checking for VL805 (Raspberry Pi 4)...
  - It seems that you don't have VL805 (Raspberry Pi 4).
    There should be no problems with USB (a.k.a. select() timeout)
Running ./mjpg_streamer -o output_http.so -w ./www-mjpgstreamer -n -i input_uvc.so -r 640x480 -f 10 -d /dev/video10
MJPG Streamer Version: git rev: 310b29f4a94c46652b20c4b7b6e5cf24e532af39
 i: Using V4L2 device.: /dev/video10
 i: Desired Resolution: 640 x 480
 i: Frames Per Second.: 10
 i: Format............: JPEG
 i: TV-Norm...........: DEFAULT
Error opening device /dev/video10: video capture not supported.
Init v4L2 failed !! exit fatal
 i: init_VideoIn failed
Done bring up all configured video device

Goodbye...

Starting up webcamDaemon...

--- Configuration: ----------------------------
cfg_file:      /home/pi/klipper_config/webcam.txt
camera:        auto
usb options:   -r 640x480 -f 10
raspi options: -fps 10
http options:  -w ./www-mjpgstreamer -n

Explicitly USB device: 
-----------------------------------------------

Found video devices:
/dev/video10
/dev/video11
/dev/video12
/dev/video13
/dev/video14
/dev/video15
/dev/video16
/dev/video18
config file='/home/pi/klipper_config/webcam.txt':USB device was not set in options, start MJPG-streamer with the first found video device: /dev/video10
/usr/local/bin/webcamd: line 184: printf: 0x: invalid hex number
/usr/local/bin/webcamd: line 184: printf: 0x: invalid hex number
<13>Dec 11 09:27:05 pi: Starting USB webcam
Checking for VL805 (Raspberry Pi 4)...
  - It seems that you don't have VL805 (Raspberry Pi 4).
    There should be no problems with USB (a.k.a. select() timeout)
Running ./mjpg_streamer -o output_http.so -w ./www-mjpgstreamer -n -i input_uvc.so -r 640x480 -f 10 -d /dev/video10
MJPG Streamer Version: git rev: 310b29f4a94c46652b20c4b7b6e5cf24e532af39
 i: Using V4L2 device.: /dev/video10
 i: Desired Resolution: 640 x 480
 i: Frames Per Second.: 10
 i: Format............: JPEG
 i: TV-Norm...........: DEFAULT
Error opening device /dev/video10: video capture not supported.
Init v4L2 failed !! exit fatal
 i: init_VideoIn failed
Done bring up all configured video device

Goodbye...

Starting up webcamDaemon...

--- Configuration: ----------------------------
cfg_file:      /home/pi/klipper_config/webcam.txt
camera:        auto
usb options:   -r 640x480 -f 10
raspi options: -fps 10
http options:  -w ./www-mjpgstreamer -n

Explicitly USB device: 
-----------------------------------------------

Found video devices:
/dev/video10
/dev/video11
/dev/video12
/dev/video13
/dev/video14
/dev/video15
/dev/video16
/dev/video18
config file='/home/pi/klipper_config/webcam.txt':USB device was not set in options, start MJPG-streamer with the first found video device: /dev/video10
/usr/local/bin/webcamd: line 184: printf: 0x: invalid hex number
/usr/local/bin/webcamd: line 184: printf: 0x: invalid hex number
<13>Dec 11 09:27:06 pi: Starting USB webcam
Checking for VL805 (Raspberry Pi 4)...
  - It seems that you don't have VL805 (Raspberry Pi 4).
    There should be no problems with USB (a.k.a. select() timeout)
Running ./mjpg_streamer -o output_http.so -w ./www-mjpgstreamer -n -i input_uvc.so -r 640x480 -f 10 -d /dev/video10
MJPG Streamer Version: git rev: 310b29f4a94c46652b20c4b7b6e5cf24e532af39
 i: Using V4L2 device.: /dev/video10
 i: Desired Resolution: 640 x 480
 i: Frames Per Second.: 10
 i: Format............: JPEG
 i: TV-Norm...........: DEFAULT
Error opening device /dev/video10: video capture not supported.
Init v4L2 failed !! exit fatal
 i: init_VideoIn failed
Done bring up all configured video device

Goodbye...

Starting up webcamDaemon...

--- Configuration: ----------------------------
cfg_file:      /home/pi/klipper_config/webcam.txt
camera:        auto
usb options:   -r 640x480 -f 10
raspi options: -fps 10
http options:  -w ./www-mjpgstreamer -n

Explicitly USB device: 
-----------------------------------------------

Found video devices:
/dev/video10
/dev/video11
/dev/video12
/dev/video13
/dev/video14
/dev/video15
/dev/video16
/dev/video18
config file='/home/pi/klipper_config/webcam.txt':USB device was not set in options, start MJPG-streamer with the first found video device: /dev/video10
/usr/local/bin/webcamd: line 184: printf: 0x: invalid hex number
/usr/local/bin/webcamd: line 184: printf: 0x: invalid hex number
<13>Dec 11 09:27:08 pi: Starting USB webcam
Checking for VL805 (Raspberry Pi 4)...
  - It seems that you don't have VL805 (Raspberry Pi 4).
    There should be no problems with USB (a.k.a. select() timeout)
Running ./mjpg_streamer -o output_http.so -w ./www-mjpgstreamer -n -i input_uvc.so -r 640x480 -f 10 -d /dev/video10
MJPG Streamer Version: git rev: 310b29f4a94c46652b20c4b7b6e5cf24e532af39
 i: Using V4L2 device.: /dev/video10
 i: Desired Resolution: 640 x 480
 i: Frames Per Second.: 10
 i: Format............: JPEG
 i: TV-Norm...........: DEFAULT
Error opening device /dev/video10: video capture not supported.
Init v4L2 failed !! exit fatal
 i: init_VideoIn failed
Done bring up all configured video device

Goodbye...

Starting up webcamDaemon...

--- Configuration: ----------------------------
cfg_file:      /home/pi/klipper_config/webcam.txt
camera:        auto
usb options:   -r 640x480 -f 10
raspi options: -fps 10
http options:  -w ./www-mjpgstreamer -n

Explicitly USB device: 
-----------------------------------------------

Found video devices:
/dev/video10
/dev/video11
/dev/video12
/dev/video13
/dev/video14
/dev/video15
/dev/video16
/dev/video18
config file='/home/pi/klipper_config/webcam.txt':USB device was not set in options, start MJPG-streamer with the first found video device: /dev/video10
/usr/local/bin/webcamd: line 184: printf: 0x: invalid hex number
/usr/local/bin/webcamd: line 184: printf: 0x: invalid hex number
<13>Dec 11 09:27:09 pi: Starting USB webcam
Checking for VL805 (Raspberry Pi 4)...
  - It seems that you don't have VL805 (Raspberry Pi 4).
    There should be no problems with USB (a.k.a. select() timeout)
Running ./mjpg_streamer -o output_http.so -w ./www-mjpgstreamer -n -i input_uvc.so -r 640x480 -f 10 -d /dev/video10
MJPG Streamer Version: git rev: 310b29f4a94c46652b20c4b7b6e5cf24e532af39
 i: Using V4L2 device.: /dev/video10
 i: Desired Resolution: 640 x 480
 i: Frames Per Second.: 10
 i: Format............: JPEG
 i: TV-Norm...........: DEFAULT
Error opening device /dev/video10: video capture not supported.
Init v4L2 failed !! exit fatal
 i: init_VideoIn failed
Done bring up all configured video device

Goodbye...

