--------------------Moonraker Log Start--------------------
data_path: /home/pi/printer_data
is_default_data_path: False
config_file: /home/pi/klipper_config/moonraker.conf
startup_warnings: []
verbose: False
debug: False
asyncio_debug: False
is_backup_config: False
log_file: /home/pi/klipper_logs/moonraker.log
software_version: v0.7.1-885-g4550664
python_version: 3.7.3 (default, Jan 22 2021, 20:04:44)  [GCC 8.3.0]

#################### Moonraker Configuration ####################

[server]
host = 0.0.0.0
port = 7125
temperature_store_size = 600
gcode_store_size = 1000

[authorization]
force_logins = True
cors_domains = 
	*.local
	*.lan
	*://app.fluidd.xyz
trusted_clients = 
	10.0.0.0/8
	127.0.0.1
	127.0.0.0/8
	169.254.0.0/16
	172.16.0.0/12
	192.168.0.0/16
	100.113.82.57
	100.74.78.66
	FE80::/10
	::1/128

[octoprint_compat]

[history]

[update_manager]
enable_auto_refresh = True

[update_manager mainsail]
type = web
repo = mainsail-crew/mainsail
path = ~/mainsail

[timelapse]
output_path = ~/timelapse/
frame_path = /tmp/timelapse/
ffmpeg_binary_path = /usr/bin/ffmpeg

[job_queue]
load_on_startup = False

[update_manager timelapse]
type = git_repo
primary_branch = main
path = ~/moonraker-timelapse
origin = https://github.com/mainsail-crew/moonraker-timelapse.git
managed_services = klipper moonraker

[update_manager KlipperScreen]
type = git_repo
path = /home/pi/KlipperScreen
origin = https://github.com/jordanruthe/KlipperScreen.git
env = /home/pi/.KlipperScreen-env/bin/python
requirements = scripts/KlipperScreen-requirements.txt
install_script = scripts/KlipperScreen-install.sh

[update_manager crowsnest]
type = git_repo
path = ~/crowsnest
origin = https://github.com/mainsail-crew/crowsnest.git
managed_services = crowsnest

[update_manager beacon]
type = git_repo
channel = dev
path = ~/beacon_klipper
origin = https://github.com/beacon3d/beacon_klipper.git
env = ~/klippy-env/bin/python
requirements = requirements.txt
install_script = install.sh
is_system_service = False
managed_services = klipper
info_tags = 
	desc=Beacon Surface Scanner

[update_manager moonraker-obico]
type = git_repo
path = ~/moonraker-obico
origin = https://github.com/TheSpaghettiDetective/moonraker-obico.git
env = /home/pi/moonraker-env/bin/python
requirements = requirements.txt
install_script = install.sh
managed_services = 
	moonraker-obico

#################################################################
All Configuration Files:
/home/pi/klipper_config/moonraker.conf
/home/pi/klipper_config/moonraker-obico-update.cfg
#################################################################
Unsafe Shutdown Count: 67

System Info:

***python***
  version: sys.version_info(major=3, minor=7, micro=3, releaselevel='final', serial=0)
  version_string: 3.7.3 (default, Jan 22 2021, 20:04:44)  [GCC 8.3.0]

***cpu_info***
  cpu_count: 4
  bits: 32bit
  processor: armv7l
  cpu_desc: ARMv7 Processor rev 4 (v7l)
  serial_number: 12c31826
  hardware_desc: BCM2835
  model: Raspberry Pi 3 Model B Rev 1.2
  total_memory: 892584
  memory_units: kB

***sd_info***
  manufacturer_id: 03
  manufacturer: Sandisk
  oem_id: 5344
  product_name: SB16G
  product_revision: 8.0
  serial_number: aee62172
  manufacturer_date: 3/2020
  capacity: 14.8 GiB
  total_bytes: 15931539456

***distribution***
  name: Raspbian GNU/Linux 10 (buster)
  id: raspbian
  version: 10
  version_parts: {'major': '10', 'minor': '', 'build_number': ''}
  like: debian
  codename: buster
  release_info: {'name': 'MainsailOS', 'version_id': '0.7.1', 'codename': 'buster', 'id': 'mainsailos'}

***virtualization***
  virt_type: none
  virt_identifier: none

***network***

***canbus***

***Allowed Services***
  klipper_mcu
  webcamd
  MoonCord
  KlipperScreen
  moonraker-telegram-bot
  sonar
  crowsnest

Systemd unit moonraker.service:
unit_name: moonraker.service
is_default: True
manager: systemd
Properties:
**Requires=['system.slice', 'sysinit.target', '-.mount', 'network-online.target']
**After=['systemd-journald.socket', 'klipper.service', '-.mount', 'basic.target', 'system.slice', 'network-online.target', 'sysinit.target']
**SupplementaryGroups=['moonraker-admin']
**EnvironmentFiles=/home/pi/printer_data/systemd/moonraker.env
**ExecStart=/home/pi/moonraker-env/bin/python $MOONRAKER_ARGS
**WorkingDirectory=/home/pi/moonraker
**FragmentPath=/etc/systemd/system/moonraker.service
**Description=API Server for Klipper SV1
**User=pi

Systemd unit klipper.service:
unit_name: klipper.service
is_default: True
manager: systemd
Properties:
**Requires=['system.slice', 'sysinit.target']
**After=['network-online.target', 'basic.target', 'systemd-journald.socket', 'sysinit.target', 'system.slice']
**SupplementaryGroups=[]
**EnvironmentFiles=[]
**ExecStart=/home/pi/klippy-env/bin/python /home/pi/klipper/klippy/klippy.py ${KLIPPER_CONFIG} -l ${KLIPPER_LOG} -a ${KLIPPER_SOCKET}
**WorkingDirectory=
**FragmentPath=/etc/systemd/system/klipper.service
**Description=Starts Klipper and provides klippy Unix Domain Socket API
**User=pi
Klipper Version: v0.11.0-114-g0a645e49-dirty
2023-05-12 00:57:02,373 [update_manager.py:refresh()] - Detected 40 package updates:
curl
distro-info-data
firmware-atheros
firmware-brcm80211
firmware-libertas
firmware-misc-nonfree
firmware-realtek
git
git-man
libcurl3-gnutls
libcurl4
libcurl4-openssl-dev
libmpv-dev
libmpv1
libpam-systemd
libpcre2-16-0
libpcre2-8-0
libpcre2-posix0
libraspberrypi-bin
libraspberrypi-dev
libraspberrypi-doc
libraspberrypi0
libsystemd0
libtiff5
libudev1
libxml2
linux-libc-dev
mpv
python3-cryptography
raspberrypi-bootloader
raspberrypi-kernel
systemd
systemd-sysv
tailscale
tzdata
udev
wireless-regdb
xserver-common
xserver-xorg-core
xserver-xorg-legacy
2023-05-12 00:57:02,584 [shell_command.py:_check_proc_success()] - Command (git -C /home/pi/moonraker status -u no) successfully finished
2023-05-12 00:57:02,602 [shell_command.py:_check_proc_success()] - Command (git -C /home/pi/moonraker config --get branch.master.remote) successfully finished
2023-05-12 00:57:02,629 [shell_command.py:_check_proc_success()] - Command (git -C /home/pi/moonraker remote get-url origin) successfully finished
2023-05-12 00:57:04,196 [shell_command.py:_check_proc_success()] - Command (git -C /home/pi/moonraker fetch origin --prune --progress) successfully finished
2023-05-12 00:57:04,228 [shell_command.py:_check_proc_success()] - Command (git -C /home/pi/moonraker merge-base --is-ancestor HEAD origin/master) successfully finished
2023-05-12 00:57:04,246 [shell_command.py:_check_proc_success()] - Command (git -C /home/pi/moonraker branch --list) successfully finished
2023-05-12 00:57:04,265 [shell_command.py:_check_proc_success()] - Command (git -C /home/pi/moonraker rev-parse HEAD) successfully finished
2023-05-12 00:57:04,507 [shell_command.py:_check_proc_success()] - Command (git -C /home/pi/moonraker describe --always --tags --long --dirty) successfully finished
2023-05-12 00:57:04,525 [shell_command.py:_check_proc_success()] - Command (git -C /home/pi/moonraker rev-parse origin/master) successfully finished
2023-05-12 00:57:04,549 [shell_command.py:_check_proc_success()] - Command (git -C /home/pi/moonraker describe origin/master --always --tags --long) successfully finished
2023-05-12 00:57:04,571 [shell_command.py:_check_proc_success()] - Command (git -C /home/pi/moonraker rev-list --tags --max-count=1) successfully finished
2023-05-12 00:57:04,590 [shell_command.py:_check_proc_success()] - Command (git -C /home/pi/moonraker describe --tags d549af915fe50c2e274dc99ac0b772ae0276646e) successfully finished
2023-05-12 00:57:04,618 [shell_command.py:_check_proc_success()] - Command (git -C /home/pi/moonraker log 45506647a7bdc27fcc09da5277a55d37665804bd..origin/master --format="sha:%H%x1Dauthor:%an%x1Ddate:%ct%x1Dsubject:%s%x1Dmessage:%b%x1E" --max-count=100) successfully finished
2023-05-12 00:57:04,645 [shell_command.py:_check_proc_success()] - Command (git -C /home/pi/moonraker for-each-ref --count=10 --sort='-creatordate' --format='%(if)%(*objecttype)%(then)%(*objecttype) (*objectname)%(else)%(objecttype) %(objectname)%(end) %(refname)' 'refs/tags') successfully finished
2023-05-12 00:57:04,646 [git_deploy.py:log_repo_info()] - Git Repo moonraker Detected:
Owner: Arksine
Repository Name: moonraker
Path: /home/pi/moonraker
Remote: origin
Branch: master
Remote URL: https://github.com/Arksine/moonraker.git
Current Commit SHA: 45506647a7bdc27fcc09da5277a55d37665804bd
Upstream Commit SHA: b21f177e951f70a0967b4967b1d43d2bfde02e1b
Current Version: v0.7.1-885
Upstream Version: v0.8.0-40
Is Dirty: False
Is Detached: False
Commits Behind: 30
Tag Data: {}
Bound Repo: None
Diverged: False
2023-05-12 00:57:04,647 [base_deploy.py:log_info()] - Application moonraker: Channel: dev, Need Channel Update: False
2023-05-12 00:57:04,647 [base_deploy.py:log_info()] - Application moonraker: Validity check for git repo passed
2023-05-12 00:57:04,750 [shell_command.py:_check_proc_success()] - Command (git -C /home/pi/klipper status -u no) successfully finished
2023-05-12 00:57:04,767 [shell_command.py:_check_proc_success()] - Command (git -C /home/pi/klipper config --get branch.master.remote) successfully finished
2023-05-12 00:57:04,789 [shell_command.py:_check_proc_success()] - Command (git -C /home/pi/klipper remote get-url origin) successfully finished
2023-05-12 00:57:10,367 [shell_command.py:_check_proc_success()] - Command (git -C /home/pi/klipper fetch origin --prune --progress) successfully finished
2023-05-12 00:57:10,394 [shell_command.py:_check_proc_success()] - Command (git -C /home/pi/klipper merge-base --is-ancestor HEAD origin/master) successfully finished
2023-05-12 00:57:10,413 [shell_command.py:_check_proc_success()] - Command (git -C /home/pi/klipper branch --list) successfully finished
2023-05-12 00:57:10,432 [shell_command.py:_check_proc_success()] - Command (git -C /home/pi/klipper rev-parse HEAD) successfully finished
2023-05-12 00:57:10,685 [shell_command.py:_check_proc_success()] - Command (git -C /home/pi/klipper describe --always --tags --long --dirty) successfully finished
2023-05-12 00:57:10,703 [shell_command.py:_check_proc_success()] - Command (git -C /home/pi/klipper rev-parse origin/master) successfully finished
2023-05-12 00:57:10,900 [shell_command.py:_check_proc_success()] - Command (git -C /home/pi/klipper describe origin/master --always --tags --long) successfully finished
2023-05-12 00:57:10,922 [shell_command.py:_check_proc_success()] - Command (git -C /home/pi/klipper rev-list --tags --max-count=1) successfully finished
2023-05-12 00:57:10,943 [shell_command.py:_check_proc_success()] - Command (git -C /home/pi/klipper describe --tags e02b725602067a2cd098a62be9a4bb10fc74a9bd) successfully finished
2023-05-12 00:57:10,972 [shell_command.py:_check_proc_success()] - Command (git -C /home/pi/klipper log 0a645e4916eb18d61de4d54783df574621152c09..origin/master --format="sha:%H%x1Dauthor:%an%x1Ddate:%ct%x1Dsubject:%s%x1Dmessage:%b%x1E" --max-count=100) successfully finished
2023-05-12 00:57:11,000 [shell_command.py:_check_proc_success()] - Command (git -C /home/pi/klipper for-each-ref --count=10 --sort='-creatordate' --format='%(if)%(*objecttype)%(then)%(*objecttype) (*objectname)%(else)%(objecttype) %(objectname)%(end) %(refname)' 'refs/tags') successfully finished
2023-05-12 00:57:11,002 [git_deploy.py:log_repo_info()] - Git Repo klipper Detected:
Owner: Klipper3d
Repository Name: klipper
Path: /home/pi/klipper
Remote: origin
Branch: master
Remote URL: https://github.com/Klipper3d/klipper.git
Current Commit SHA: 0a645e4916eb18d61de4d54783df574621152c09
Upstream Commit SHA: 33b18fd62ba73c90054a7b94b68c341bb3f40d9a
Current Version: v0.11.0-114
Upstream Version: v0.11.0-198
Is Dirty: True
Is Detached: False
Commits Behind: 30
Tag Data: {}
Bound Repo: None
Diverged: False
2023-05-12 00:57:11,003 [base_deploy.py:log_info()] - Application klipper: Channel: dev, Need Channel Update: False
2023-05-12 00:57:11,003 [base_deploy.py:log_info()] - Application klipper: Validity check for git repo passed
2023-05-12 00:57:11,399 [update_manager.py:_get_remote_version()] - Github client Info Received:
Repo: mainsail
Local Version: v2.4.1
Remote Version: v2.5.1
Pre-release: False
url: https://github.com/mainsail-crew/mainsail/releases/download/v2.5.1/mainsail.zip
size: 1991346
Content Type: application/zip
2023-05-12 00:57:11,459 [shell_command.py:_check_proc_success()] - Command (git -C /home/pi/moonraker-timelapse status -u no) successfully finished
2023-05-12 00:57:11,478 [shell_command.py:_check_proc_success()] - Command (git -C /home/pi/moonraker-timelapse config --get branch.main.remote) successfully finished
2023-05-12 00:57:11,496 [shell_command.py:_check_proc_success()] - Command (git -C /home/pi/moonraker-timelapse remote get-url origin) successfully finished
2023-05-12 00:57:12,182 [shell_command.py:_check_proc_success()] - Command (git -C /home/pi/moonraker-timelapse fetch origin --prune --progress) successfully finished
2023-05-12 00:57:12,213 [shell_command.py:_check_proc_success()] - Command (git -C /home/pi/moonraker-timelapse merge-base --is-ancestor HEAD origin/main) successfully finished
2023-05-12 00:57:12,243 [shell_command.py:_check_proc_success()] - Command (git -C /home/pi/moonraker-timelapse branch --list) successfully finished
2023-05-12 00:57:12,266 [shell_command.py:_check_proc_success()] - Command (git -C /home/pi/moonraker-timelapse rev-parse HEAD) successfully finished
2023-05-12 00:57:12,305 [shell_command.py:_check_proc_success()] - Command (git -C /home/pi/moonraker-timelapse describe --always --tags --long --dirty) successfully finished
2023-05-12 00:57:12,330 [shell_command.py:_check_proc_success()] - Command (git -C /home/pi/moonraker-timelapse rev-parse origin/main) successfully finished
2023-05-12 00:57:12,358 [shell_command.py:_check_proc_success()] - Command (git -C /home/pi/moonraker-timelapse describe origin/main --always --tags --long) successfully finished
2023-05-12 00:57:12,377 [shell_command.py:_check_proc_success()] - Command (git -C /home/pi/moonraker-timelapse rev-list --tags --max-count=1) successfully finished
2023-05-12 00:57:12,397 [shell_command.py:_check_proc_success()] - Command (git -C /home/pi/moonraker-timelapse describe --tags 23f16bdd09bf6706edaadf63b3de8db2638b94cf) successfully finished
2023-05-12 00:57:12,418 [shell_command.py:_check_proc_success()] - Command (git -C /home/pi/moonraker-timelapse log 3ac026158b2b849456bb9bf20c7663c667fa4d84..origin/main --format="sha:%H%x1Dauthor:%an%x1Ddate:%ct%x1Dsubject:%s%x1Dmessage:%b%x1E" --max-count=100) successfully finished
2023-05-12 00:57:12,439 [shell_command.py:_check_proc_success()] - Command (git -C /home/pi/moonraker-timelapse for-each-ref --count=10 --sort='-creatordate' --format='%(if)%(*objecttype)%(then)%(*objecttype) (*objectname)%(else)%(objecttype) %(objectname)%(end) %(refname)' 'refs/tags') successfully finished
2023-05-12 00:57:12,440 [git_deploy.py:log_repo_info()] - Git Repo timelapse Detected:
Owner: mainsail-crew
Repository Name: moonraker-timelapse
Path: /home/pi/moonraker-timelapse
Remote: origin
Branch: main
Remote URL: https://github.com/mainsail-crew/moonraker-timelapse.git
Current Commit SHA: 3ac026158b2b849456bb9bf20c7663c667fa4d84
Upstream Commit SHA: f9198e00c859ecb72e4dcc11451fd33cc98b7297
Current Version: v0.0.1-129
Upstream Version: v0.0.1-132
Is Dirty: False
Is Detached: False
Commits Behind: 3
Tag Data: {}
Bound Repo: None
Diverged: False
2023-05-12 00:57:12,440 [base_deploy.py:log_info()] - Application timelapse: Channel: dev, Need Channel Update: False
2023-05-12 00:57:12,441 [base_deploy.py:log_info()] - Application timelapse: Validity check for git repo passed
2023-05-12 00:57:12,526 [shell_command.py:_check_proc_success()] - Command (git -C /home/pi/KlipperScreen status -u no) successfully finished
2023-05-12 00:57:12,544 [shell_command.py:_check_proc_success()] - Command (git -C /home/pi/KlipperScreen config --get branch.master.remote) successfully finished
2023-05-12 00:57:12,563 [shell_command.py:_check_proc_success()] - Command (git -C /home/pi/KlipperScreen remote get-url origin) successfully finished
2023-05-12 00:57:18,882 [shell_command.py:_check_proc_success()] - Command (git -C /home/pi/KlipperScreen fetch origin --prune --progress) successfully finished
2023-05-12 00:57:18,913 [shell_command.py:_check_proc_success()] - Command (git -C /home/pi/KlipperScreen merge-base --is-ancestor HEAD origin/master) successfully finished
2023-05-12 00:57:18,939 [shell_command.py:_check_proc_success()] - Command (git -C /home/pi/KlipperScreen branch --list) successfully finished
2023-05-12 00:57:18,964 [shell_command.py:_check_proc_success()] - Command (git -C /home/pi/KlipperScreen rev-parse HEAD) successfully finished
2023-05-12 00:57:19,012 [shell_command.py:_check_proc_success()] - Command (git -C /home/pi/KlipperScreen describe --always --tags --long --dirty) successfully finished
2023-05-12 00:57:19,030 [shell_command.py:_check_proc_success()] - Command (git -C /home/pi/KlipperScreen rev-parse origin/master) successfully finished
2023-05-12 00:57:19,072 [shell_command.py:_check_proc_success()] - Command (git -C /home/pi/KlipperScreen describe origin/master --always --tags --long) successfully finished
2023-05-12 00:57:19,094 [shell_command.py:_check_proc_success()] - Command (git -C /home/pi/KlipperScreen rev-list --tags --max-count=1) successfully finished
2023-05-12 00:57:19,114 [shell_command.py:_check_proc_success()] - Command (git -C /home/pi/KlipperScreen describe --tags d6693fbeccc00ced07b871b22cc8919bbad3b755) successfully finished
2023-05-12 00:57:19,138 [shell_command.py:_check_proc_success()] - Command (git -C /home/pi/KlipperScreen log d6693fbeccc00ced07b871b22cc8919bbad3b755..origin/master --format="sha:%H%x1Dauthor:%an%x1Ddate:%ct%x1Dsubject:%s%x1Dmessage:%b%x1E" --max-count=100) successfully finished
2023-05-12 00:57:19,162 [shell_command.py:_check_proc_success()] - Command (git -C /home/pi/KlipperScreen for-each-ref --count=10 --sort='-creatordate' --format='%(if)%(*objecttype)%(then)%(*objecttype) (*objectname)%(else)%(objecttype) %(objectname)%(end) %(refname)' 'refs/tags') successfully finished
2023-05-12 00:57:19,163 [git_deploy.py:log_repo_info()] - Git Repo KlipperScreen Detected:
Owner: jordanruthe
Repository Name: KlipperScreen
Path: /home/pi/KlipperScreen
Remote: origin
Branch: master
Remote URL: https://github.com/jordanruthe/KlipperScreen.git
Current Commit SHA: d6693fbeccc00ced07b871b22cc8919bbad3b755
Upstream Commit SHA: 1e741ee4390fe3abda87ba7f89e2d93d66712e2e
Current Version: v0.3.2-0
Upstream Version: v0.3.2-30
Is Dirty: False
Is Detached: False
Commits Behind: 30
Tag Data: {}
Bound Repo: None
Diverged: False
2023-05-12 00:57:19,163 [base_deploy.py:log_info()] - Application KlipperScreen: Channel: dev, Need Channel Update: False
2023-05-12 00:57:19,164 [base_deploy.py:log_info()] - Application KlipperScreen: Validity check for git repo passed
2023-05-12 00:57:19,236 [shell_command.py:_check_proc_success()] - Command (git -C /home/pi/crowsnest status -u no) successfully finished
2023-05-12 00:57:19,253 [shell_command.py:_check_proc_success()] - Command (git -C /home/pi/crowsnest config --get branch.master.remote) successfully finished
2023-05-12 00:57:19,271 [shell_command.py:_check_proc_success()] - Command (git -C /home/pi/crowsnest remote get-url origin) successfully finished
2023-05-12 00:57:20,297 [shell_command.py:_check_proc_success()] - Command (git -C /home/pi/crowsnest fetch origin --prune --progress) successfully finished
2023-05-12 00:57:20,318 [shell_command.py:_check_proc_success()] - Command (git -C /home/pi/crowsnest merge-base --is-ancestor HEAD origin/master) successfully finished
2023-05-12 00:57:20,337 [shell_command.py:_check_proc_success()] - Command (git -C /home/pi/crowsnest branch --list) successfully finished
2023-05-12 00:57:20,355 [shell_command.py:_check_proc_success()] - Command (git -C /home/pi/crowsnest rev-parse HEAD) successfully finished
2023-05-12 00:57:20,381 [shell_command.py:_check_proc_success()] - Command (git -C /home/pi/crowsnest describe --always --tags --long --dirty) successfully finished
2023-05-12 00:57:20,399 [shell_command.py:_check_proc_success()] - Command (git -C /home/pi/crowsnest rev-parse origin/master) successfully finished
2023-05-12 00:57:20,423 [shell_command.py:_check_proc_success()] - Command (git -C /home/pi/crowsnest describe origin/master --always --tags --long) successfully finished
2023-05-12 00:57:20,462 [shell_command.py:_check_proc_success()] - Command (git -C /home/pi/crowsnest rev-list --tags --max-count=1) successfully finished
2023-05-12 00:57:20,495 [shell_command.py:_check_proc_success()] - Command (git -C /home/pi/crowsnest describe --tags 9a663584433bec74059ce7b205ecdcb32efa27f7) successfully finished
2023-05-12 00:57:20,526 [shell_command.py:_check_proc_success()] - Command (git -C /home/pi/crowsnest log a5a36e5c3d153f0b568ea731b7e3b02badb139f4..origin/master --format="sha:%H%x1Dauthor:%an%x1Ddate:%ct%x1Dsubject:%s%x1Dmessage:%b%x1E" --max-count=100) successfully finished
2023-05-12 00:57:20,549 [shell_command.py:_check_proc_success()] - Command (git -C /home/pi/crowsnest for-each-ref --count=10 --sort='-creatordate' --format='%(if)%(*objecttype)%(then)%(*objecttype) (*objectname)%(else)%(objecttype) %(objectname)%(end) %(refname)' 'refs/tags') successfully finished
2023-05-12 00:57:20,550 [git_deploy.py:log_repo_info()] - Git Repo crowsnest Detected:
Owner: mainsail-crew
Repository Name: crowsnest
Path: /home/pi/crowsnest
Remote: origin
Branch: master
Remote URL: https://github.com/mainsail-crew/crowsnest.git
Current Commit SHA: a5a36e5c3d153f0b568ea731b7e3b02badb139f4
Upstream Commit SHA: 20ed6a8b585a92e8a0e7d8333e81b6e8ca7044e1
Current Version: v3.0.7-2
Upstream Version: v3.0.7-3
Is Dirty: False
Is Detached: False
Commits Behind: 1
Tag Data: {}
Bound Repo: None
Diverged: False
2023-05-12 00:57:20,550 [base_deploy.py:log_info()] - Application crowsnest: Channel: dev, Need Channel Update: False
2023-05-12 00:57:20,550 [base_deploy.py:log_info()] - Application crowsnest: Validity check for git repo passed
2023-05-12 00:57:20,594 [shell_command.py:_check_proc_success()] - Command (git -C /home/pi/beacon_klipper status -u no) successfully finished
2023-05-12 00:57:20,612 [shell_command.py:_check_proc_success()] - Command (git -C /home/pi/beacon_klipper config --get branch.master.remote) successfully finished
2023-05-12 00:57:20,630 [shell_command.py:_check_proc_success()] - Command (git -C /home/pi/beacon_klipper remote get-url origin) successfully finished
2023-05-12 00:57:21,528 [shell_command.py:_check_proc_success()] - Command (git -C /home/pi/beacon_klipper fetch origin --prune --progress) successfully finished
2023-05-12 00:57:21,548 [shell_command.py:_check_proc_success()] - Command (git -C /home/pi/beacon_klipper merge-base --is-ancestor HEAD origin/master) successfully finished
2023-05-12 00:57:21,567 [shell_command.py:_check_proc_success()] - Command (git -C /home/pi/beacon_klipper branch --list) successfully finished
2023-05-12 00:57:21,586 [shell_command.py:_check_proc_success()] - Command (git -C /home/pi/beacon_klipper rev-parse HEAD) successfully finished
2023-05-12 00:57:21,607 [shell_command.py:_check_proc_success()] - Command (git -C /home/pi/beacon_klipper describe --always --tags --long --dirty) successfully finished
2023-05-12 00:57:21,625 [shell_command.py:_check_proc_success()] - Command (git -C /home/pi/beacon_klipper rev-parse origin/master) successfully finished
2023-05-12 00:57:21,647 [shell_command.py:_check_proc_success()] - Command (git -C /home/pi/beacon_klipper describe origin/master --always --tags --long) successfully finished
2023-05-12 00:57:21,678 [shell_command.py:_check_proc_success()] - Command (git -C /home/pi/beacon_klipper rev-list --tags --max-count=1) successfully finished
2023-05-12 00:57:21,698 [shell_command.py:_check_proc_success()] - Command (git -C /home/pi/beacon_klipper describe --tags 906814152f24ed31d7a5458446b2b990769ffb45) successfully finished
2023-05-12 00:57:21,718 [shell_command.py:_check_proc_success()] - Command (git -C /home/pi/beacon_klipper log 906814152f24ed31d7a5458446b2b990769ffb45..origin/master --format="sha:%H%x1Dauthor:%an%x1Ddate:%ct%x1Dsubject:%s%x1Dmessage:%b%x1E" --max-count=100) successfully finished
2023-05-12 00:57:21,738 [shell_command.py:_check_proc_success()] - Command (git -C /home/pi/beacon_klipper for-each-ref --count=10 --sort='-creatordate' --format='%(if)%(*objecttype)%(then)%(*objecttype) (*objectname)%(else)%(objecttype) %(objectname)%(end) %(refname)' 'refs/tags') successfully finished
2023-05-12 00:57:21,739 [git_deploy.py:log_repo_info()] - Git Repo beacon Detected:
Owner: beacon3d
Repository Name: beacon_klipper
Path: /home/pi/beacon_klipper
Remote: origin
Branch: master
Remote URL: https://github.com/beacon3d/beacon_klipper.git
Current Commit SHA: 906814152f24ed31d7a5458446b2b990769ffb45
Upstream Commit SHA: d908ef7475a809ef6551808f0f977df576331577
Current Version: v1.0.0-0
Upstream Version: v1.0.0-5
Is Dirty: False
Is Detached: False
Commits Behind: 5
Tag Data: {}
Bound Repo: None
Diverged: False
2023-05-12 00:57:21,739 [base_deploy.py:log_info()] - Application beacon: Channel: dev, Need Channel Update: False
2023-05-12 00:57:21,739 [base_deploy.py:log_info()] - Application beacon: Validity check for git repo passed
2023-05-12 00:57:21,819 [shell_command.py:_check_proc_success()] - Command (git -C /home/pi/moonraker-obico status -u no) successfully finished
2023-05-12 00:57:21,836 [shell_command.py:_check_proc_success()] - Command (git -C /home/pi/moonraker-obico config --get branch.master.remote) successfully finished
2023-05-12 00:57:21,854 [shell_command.py:_check_proc_success()] - Command (git -C /home/pi/moonraker-obico remote get-url origin) successfully finished
2023-05-12 00:57:23,015 [shell_command.py:_check_proc_success()] - Command (git -C /home/pi/moonraker-obico fetch origin --prune --progress) successfully finished
2023-05-12 00:57:23,039 [shell_command.py:_check_proc_success()] - Command (git -C /home/pi/moonraker-obico merge-base --is-ancestor HEAD origin/master) successfully finished
2023-05-12 00:57:23,058 [shell_command.py:_check_proc_success()] - Command (git -C /home/pi/moonraker-obico branch --list) successfully finished
2023-05-12 00:57:23,075 [shell_command.py:_check_proc_success()] - Command (git -C /home/pi/moonraker-obico rev-parse HEAD) successfully finished
2023-05-12 00:57:23,098 [shell_command.py:_check_proc_success()] - Command (git -C /home/pi/moonraker-obico describe --always --tags --long --dirty) successfully finished
2023-05-12 00:57:23,116 [shell_command.py:_check_proc_success()] - Command (git -C /home/pi/moonraker-obico rev-parse origin/master) successfully finished
2023-05-12 00:57:23,136 [shell_command.py:_check_proc_success()] - Command (git -C /home/pi/moonraker-obico describe origin/master --always --tags --long) successfully finished
2023-05-12 00:57:23,159 [shell_command.py:_check_proc_success()] - Command (git -C /home/pi/moonraker-obico rev-list --tags --max-count=1) successfully finished
2023-05-12 00:57:23,179 [shell_command.py:_check_proc_success()] - Command (git -C /home/pi/moonraker-obico describe --tags 1b0fc2c3a8ec23dad8067753a926f385b70ac8d3) successfully finished
2023-05-12 00:57:23,206 [shell_command.py:_check_proc_success()] - Command (git -C /home/pi/moonraker-obico log 6010f8573b7f05fc5cdf5bb248b53d92e3f902ac..origin/master --format="sha:%H%x1Dauthor:%an%x1Ddate:%ct%x1Dsubject:%s%x1Dmessage:%b%x1E" --max-count=100) successfully finished
2023-05-12 00:57:23,231 [shell_command.py:_check_proc_success()] - Command (git -C /home/pi/moonraker-obico for-each-ref --count=10 --sort='-creatordate' --format='%(if)%(*objecttype)%(then)%(*objecttype) (*objectname)%(else)%(objecttype) %(objectname)%(end) %(refname)' 'refs/tags') successfully finished
2023-05-12 00:57:23,232 [git_deploy.py:log_repo_info()] - Git Repo moonraker-obico Detected:
Owner: TheSpaghettiDetective
Repository Name: moonraker-obico
Path: /home/pi/moonraker-obico
Remote: origin
Branch: master
Remote URL: https://github.com/TheSpaghettiDetective/moonraker-obico.git
Current Commit SHA: 6010f8573b7f05fc5cdf5bb248b53d92e3f902ac
Upstream Commit SHA: 1b0fc2c3a8ec23dad8067753a926f385b70ac8d3
Current Version: v1.2.0-0
Upstream Version: v1.3.3-0
Is Dirty: False
Is Detached: False
Commits Behind: 34
Tag Data: {}
Bound Repo: None
Diverged: False
2023-05-12 00:57:23,232 [base_deploy.py:log_info()] - Application moonraker-obico: Channel: dev, Need Channel Update: False
2023-05-12 00:57:23,232 [base_deploy.py:log_info()] - Application moonraker-obico: Validity check for git repo passed
2023-05-12 01:01:32,257 [authorization.py:_prune_conn_handler()] - Trusted Connection Expired, IP: 127.0.0.1
2023-05-12 01:01:32,258 [authorization.py:_prune_conn_handler()] - Trusted Connection Expired, IP: fe80::ed95:29f2:b2b2:8f23
