[12/11/22 01:07:11] crowsnest: crowsnest - A webcam Service for multiple Cams and Stream Services.
[12/11/22 01:07:11] crowsnest: Version: v3.0.6-12-gdc27e3f
[12/11/22 01:07:11] crowsnest: Prepare Startup ...
[12/11/22 01:07:12] crowsnest: INFO: Host information:
[12/11/22 01:07:12] crowsnest: Host Info: Distribution: Raspbian GNU/Linux 10 (buster)
[12/11/22 01:07:12] crowsnest: Host Info: Release: MainsailOS release 0.7.1 (buster)
[12/11/22 01:07:12] crowsnest: Host Info: Kernel: Linux 5.10.103-v7+ armv7l
[12/11/22 01:07:12] crowsnest: Host Info: Model: Raspberry Pi 3 Model B Rev 1.2
[12/11/22 01:07:12] crowsnest: Host Info: Available CPU Cores: 4
[12/11/22 01:07:12] crowsnest: Host Info: Available Memory: 892584 kB
[12/11/22 01:07:12] crowsnest: Host Info: Diskspace (avail. / total): 53G / 59G
[12/11/22 01:07:12] crowsnest: INFO: Checking Dependencys
[12/11/22 01:07:12] crowsnest: Dependency: 'crudini' found in /usr/bin/crudini.
[12/11/22 01:07:12] crowsnest: Dependency: 'find' found in /usr/bin/find.
[12/11/22 01:07:12] crowsnest: Dependency: 'logger' found in /usr/bin/logger.
[12/11/22 01:07:12] crowsnest: Dependency: 'xargs' found in /usr/bin/xargs.
[12/11/22 01:07:12] crowsnest: Dependency: 'ffmpeg' found in /usr/bin/ffmpeg.
[12/11/22 01:07:12] crowsnest: Dependency: 'ustreamer' found in bin/ustreamer/ustreamer.
[12/11/22 01:07:12] crowsnest: Dependency: 'rtsp-simple-server' found in bin/rtsp-simple-server/rtsp-simple-server.
[12/11/22 01:07:12] crowsnest: Version Control: ustreamer is up to date. (v4.13)
[12/11/22 01:07:13] crowsnest: Version Control: rtsp-simple-server is up to date. (v0.20.2)
[12/11/22 01:07:13] crowsnest: Version Control: ffmpeg is up to date. (4.1.10-0+deb10u1+rpt1)
[12/11/22 01:07:13] crowsnest: INFO: Print Configfile: '/home/pi/printer_data/config/crowsnest.conf'
[12/11/22 01:07:13] crowsnest: 		[crowsnest]
[12/11/22 01:07:13] crowsnest: 		log_path: ~/printer_data/logs/crowsnest.log
[12/11/22 01:07:13] crowsnest: 		log_level: verbose
[12/11/22 01:07:13] crowsnest: 		delete_log: false
[12/11/22 01:07:13] crowsnest: 		
[12/11/22 01:07:13] crowsnest: 		[cam 1]
[12/11/22 01:07:13] crowsnest: 		mode: mjpg
[12/11/22 01:07:13] crowsnest: 		port: 8080
[12/11/22 01:07:13] crowsnest: 		device: /dev/video0
[12/11/22 01:07:13] crowsnest: 		resolution: 640x480
[12/11/22 01:07:13] crowsnest: 		max_fps: 15
[12/11/22 01:07:14] crowsnest: INFO: Detect available Devices
[12/11/22 01:07:14] crowsnest: ERROR: No usable Devices Found. Stopping crowsnest.
[12/11/22 01:07:19] crowsnest: crowsnest - A webcam Service for multiple Cams and Stream Services.
[12/11/22 01:07:19] crowsnest: Version: v3.0.6-12-gdc27e3f
[12/11/22 01:07:19] crowsnest: Prepare Startup ...
[12/11/22 01:07:19] crowsnest: INFO: Host information:
[12/11/22 01:07:19] crowsnest: Host Info: Distribution: Raspbian GNU/Linux 10 (buster)
[12/11/22 01:07:20] crowsnest: Host Info: Release: MainsailOS release 0.7.1 (buster)
[12/11/22 01:07:20] crowsnest: Host Info: Kernel: Linux 5.10.103-v7+ armv7l
[12/11/22 01:07:20] crowsnest: Host Info: Model: Raspberry Pi 3 Model B Rev 1.2
[12/11/22 01:07:20] crowsnest: Host Info: Available CPU Cores: 4
[12/11/22 01:07:20] crowsnest: Host Info: Available Memory: 892584 kB
[12/11/22 01:07:20] crowsnest: Host Info: Diskspace (avail. / total): 53G / 59G
[12/11/22 01:07:20] crowsnest: INFO: Checking Dependencys
[12/11/22 01:07:20] crowsnest: Dependency: 'crudini' found in /usr/bin/crudini.
[12/11/22 01:07:20] crowsnest: Dependency: 'find' found in /usr/bin/find.
[12/11/22 01:07:20] crowsnest: Dependency: 'logger' found in /usr/bin/logger.
[12/11/22 01:07:20] crowsnest: Dependency: 'xargs' found in /usr/bin/xargs.
[12/11/22 01:07:20] crowsnest: Dependency: 'ffmpeg' found in /usr/bin/ffmpeg.
[12/11/22 01:07:20] crowsnest: Dependency: 'ustreamer' found in bin/ustreamer/ustreamer.
[12/11/22 01:07:20] crowsnest: Dependency: 'rtsp-simple-server' found in bin/rtsp-simple-server/rtsp-simple-server.
[12/11/22 01:07:20] crowsnest: Version Control: ustreamer is up to date. (v4.13)
[12/11/22 01:07:20] crowsnest: Version Control: rtsp-simple-server is up to date. (v0.20.2)
[12/11/22 01:07:21] crowsnest: Version Control: ffmpeg is up to date. (4.1.10-0+deb10u1+rpt1)
[12/11/22 01:07:21] crowsnest: INFO: Print Configfile: '/home/pi/printer_data/config/crowsnest.conf'
[12/11/22 01:07:21] crowsnest: 		[crowsnest]
[12/11/22 01:07:21] crowsnest: 		log_path: ~/printer_data/logs/crowsnest.log
[12/11/22 01:07:21] crowsnest: 		log_level: verbose
[12/11/22 01:07:21] crowsnest: 		delete_log: false
[12/11/22 01:07:21] crowsnest: 		
[12/11/22 01:07:21] crowsnest: 		[cam 1]
[12/11/22 01:07:21] crowsnest: 		mode: mjpg
[12/11/22 01:07:21] crowsnest: 		port: 8080
[12/11/22 01:07:21] crowsnest: 		device: /dev/video0
[12/11/22 01:07:21] crowsnest: 		resolution: 640x480
[12/11/22 01:07:21] crowsnest: 		max_fps: 15
[12/11/22 01:07:21] crowsnest: INFO: Detect available Devices
[12/11/22 01:07:21] crowsnest: ERROR: No usable Devices Found. Stopping crowsnest.
[12/11/22 01:07:27] crowsnest: crowsnest - A webcam Service for multiple Cams and Stream Services.
[12/11/22 01:07:27] crowsnest: Version: v3.0.6-12-gdc27e3f
[12/11/22 01:07:27] crowsnest: Prepare Startup ...
[12/11/22 01:07:27] crowsnest: INFO: Host information:
[12/11/22 01:07:27] crowsnest: Host Info: Distribution: Raspbian GNU/Linux 10 (buster)
[12/11/22 01:07:27] crowsnest: Host Info: Release: MainsailOS release 0.7.1 (buster)
[12/11/22 01:07:27] crowsnest: Host Info: Kernel: Linux 5.10.103-v7+ armv7l
[12/11/22 01:07:27] crowsnest: Host Info: Model: Raspberry Pi 3 Model B Rev 1.2
[12/11/22 01:07:27] crowsnest: Host Info: Available CPU Cores: 4
[12/11/22 01:07:27] crowsnest: Host Info: Available Memory: 892584 kB
[12/11/22 01:07:27] crowsnest: Host Info: Diskspace (avail. / total): 53G / 59G
[12/11/22 01:07:27] crowsnest: INFO: Checking Dependencys
[12/11/22 01:07:27] crowsnest: Dependency: 'crudini' found in /usr/bin/crudini.
[12/11/22 01:07:28] crowsnest: Dependency: 'find' found in /usr/bin/find.
[12/11/22 01:07:28] crowsnest: Dependency: 'logger' found in /usr/bin/logger.
[12/11/22 01:07:28] crowsnest: Dependency: 'xargs' found in /usr/bin/xargs.
[12/11/22 01:07:28] crowsnest: Dependency: 'ffmpeg' found in /usr/bin/ffmpeg.
[12/11/22 01:07:28] crowsnest: Dependency: 'ustreamer' found in bin/ustreamer/ustreamer.
[12/11/22 01:07:28] crowsnest: Dependency: 'rtsp-simple-server' found in bin/rtsp-simple-server/rtsp-simple-server.
[12/11/22 01:07:28] crowsnest: Version Control: ustreamer is up to date. (v4.13)
[12/11/22 01:07:28] crowsnest: Version Control: rtsp-simple-server is up to date. (v0.20.2)
[12/11/22 01:07:29] crowsnest: Version Control: ffmpeg is up to date. (4.1.10-0+deb10u1+rpt1)
[12/11/22 01:07:29] crowsnest: INFO: Print Configfile: '/home/pi/printer_data/config/crowsnest.conf'
[12/11/22 01:07:29] crowsnest: 		[crowsnest]
[12/11/22 01:07:29] crowsnest: 		log_path: ~/printer_data/logs/crowsnest.log
[12/11/22 01:07:29] crowsnest: 		log_level: verbose
[12/11/22 01:07:29] crowsnest: 		delete_log: false
[12/11/22 01:07:29] crowsnest: 		
[12/11/22 01:07:29] crowsnest: 		[cam 1]
[12/11/22 01:07:29] crowsnest: 		mode: mjpg
[12/11/22 01:07:29] crowsnest: 		port: 8080
[12/11/22 01:07:29] crowsnest: 		device: /dev/video0
[12/11/22 01:07:29] crowsnest: 		resolution: 640x480
[12/11/22 01:07:29] crowsnest: 		max_fps: 15
[12/11/22 01:07:29] crowsnest: INFO: Detect available Devices
[12/11/22 01:07:29] crowsnest: ERROR: No usable Devices Found. Stopping crowsnest.
[12/11/22 01:07:35] crowsnest: crowsnest - A webcam Service for multiple Cams and Stream Services.
[12/11/22 01:07:35] crowsnest: Version: v3.0.6-12-gdc27e3f
[12/11/22 01:07:35] crowsnest: Prepare Startup ...
[12/11/22 01:07:35] crowsnest: INFO: Host information:
[12/11/22 01:07:35] crowsnest: Host Info: Distribution: Raspbian GNU/Linux 10 (buster)
[12/11/22 01:07:35] crowsnest: Host Info: Release: MainsailOS release 0.7.1 (buster)
[12/11/22 01:07:35] crowsnest: Host Info: Kernel: Linux 5.10.103-v7+ armv7l
[12/11/22 01:07:35] crowsnest: Host Info: Model: Raspberry Pi 3 Model B Rev 1.2
[12/11/22 01:07:35] crowsnest: Host Info: Available CPU Cores: 4
[12/11/22 01:07:35] crowsnest: Host Info: Available Memory: 892584 kB
[12/11/22 01:07:35] crowsnest: Host Info: Diskspace (avail. / total): 53G / 59G
[12/11/22 01:07:35] crowsnest: INFO: Checking Dependencys
[12/11/22 01:07:35] crowsnest: Dependency: 'crudini' found in /usr/bin/crudini.
[12/11/22 01:07:35] crowsnest: Dependency: 'find' found in /usr/bin/find.
[12/11/22 01:07:35] crowsnest: Dependency: 'logger' found in /usr/bin/logger.
[12/11/22 01:07:35] crowsnest: Dependency: 'xargs' found in /usr/bin/xargs.
[12/11/22 01:07:35] crowsnest: Dependency: 'ffmpeg' found in /usr/bin/ffmpeg.
[12/11/22 01:07:35] crowsnest: Dependency: 'ustreamer' found in bin/ustreamer/ustreamer.
[12/11/22 01:07:36] crowsnest: Dependency: 'rtsp-simple-server' found in bin/rtsp-simple-server/rtsp-simple-server.
[12/11/22 01:07:36] crowsnest: Version Control: ustreamer is up to date. (v4.13)
[12/11/22 01:07:36] crowsnest: Version Control: rtsp-simple-server is up to date. (v0.20.2)
[12/11/22 01:07:36] crowsnest: Version Control: ffmpeg is up to date. (4.1.10-0+deb10u1+rpt1)
[12/11/22 01:07:36] crowsnest: INFO: Print Configfile: '/home/pi/printer_data/config/crowsnest.conf'
[12/11/22 01:07:37] crowsnest: 		[crowsnest]
[12/11/22 01:07:37] crowsnest: 		log_path: ~/printer_data/logs/crowsnest.log
[12/11/22 01:07:37] crowsnest: 		log_level: verbose
[12/11/22 01:07:37] crowsnest: 		delete_log: false
[12/11/22 01:07:37] crowsnest: 		
[12/11/22 01:07:37] crowsnest: 		[cam 1]
[12/11/22 01:07:37] crowsnest: 		mode: mjpg
[12/11/22 01:07:37] crowsnest: 		port: 8080
[12/11/22 01:07:37] crowsnest: 		device: /dev/video0
[12/11/22 01:07:37] crowsnest: 		resolution: 640x480
[12/11/22 01:07:37] crowsnest: 		max_fps: 15
[12/11/22 01:07:37] crowsnest: INFO: Detect available Devices
[12/11/22 01:07:37] crowsnest: ERROR: No usable Devices Found. Stopping crowsnest.
[12/11/22 01:07:42] crowsnest: crowsnest - A webcam Service for multiple Cams and Stream Services.
[12/11/22 01:07:42] crowsnest: Version: v3.0.6-12-gdc27e3f
[12/11/22 01:07:43] crowsnest: Prepare Startup ...
[12/11/22 01:07:43] crowsnest: INFO: Host information:
[12/11/22 01:07:43] crowsnest: Host Info: Distribution: Raspbian GNU/Linux 10 (buster)
[12/11/22 01:07:43] crowsnest: Host Info: Release: MainsailOS release 0.7.1 (buster)
[12/11/22 01:07:43] crowsnest: Host Info: Kernel: Linux 5.10.103-v7+ armv7l
[12/11/22 01:07:43] crowsnest: Host Info: Model: Raspberry Pi 3 Model B Rev 1.2
[12/11/22 01:07:43] crowsnest: Host Info: Available CPU Cores: 4
[12/11/22 01:07:43] crowsnest: Host Info: Available Memory: 892584 kB
[12/11/22 01:07:43] crowsnest: Host Info: Diskspace (avail. / total): 53G / 59G
[12/11/22 01:07:43] crowsnest: INFO: Checking Dependencys
[12/11/22 01:07:43] crowsnest: Dependency: 'crudini' found in /usr/bin/crudini.
[12/11/22 01:07:43] crowsnest: Dependency: 'find' found in /usr/bin/find.
[12/11/22 01:07:43] crowsnest: Dependency: 'logger' found in /usr/bin/logger.
[12/11/22 01:07:43] crowsnest: Dependency: 'xargs' found in /usr/bin/xargs.
[12/11/22 01:07:43] crowsnest: Dependency: 'ffmpeg' found in /usr/bin/ffmpeg.
[12/11/22 01:07:43] crowsnest: Dependency: 'ustreamer' found in bin/ustreamer/ustreamer.
[12/11/22 01:07:43] crowsnest: Dependency: 'rtsp-simple-server' found in bin/rtsp-simple-server/rtsp-simple-server.
[12/11/22 01:07:43] crowsnest: Version Control: ustreamer is up to date. (v4.13)
[12/11/22 01:07:44] crowsnest: Version Control: rtsp-simple-server is up to date. (v0.20.2)
[12/11/22 01:07:44] crowsnest: Version Control: ffmpeg is up to date. (4.1.10-0+deb10u1+rpt1)
[12/11/22 01:07:44] crowsnest: INFO: Print Configfile: '/home/pi/printer_data/config/crowsnest.conf'
[12/11/22 01:07:44] crowsnest: 		[crowsnest]
[12/11/22 01:07:44] crowsnest: 		log_path: ~/printer_data/logs/crowsnest.log
[12/11/22 01:07:44] crowsnest: 		log_level: verbose
[12/11/22 01:07:44] crowsnest: 		delete_log: false
[12/11/22 01:07:44] crowsnest: 		
[12/11/22 01:07:44] crowsnest: 		[cam 1]
[12/11/22 01:07:44] crowsnest: 		mode: mjpg
[12/11/22 01:07:44] crowsnest: 		port: 8080
[12/11/22 01:07:44] crowsnest: 		device: /dev/video0
[12/11/22 01:07:44] crowsnest: 		resolution: 640x480
[12/11/22 01:07:44] crowsnest: 		max_fps: 15
[12/11/22 01:07:45] crowsnest: INFO: Detect available Devices
[12/11/22 01:07:45] crowsnest: ERROR: No usable Devices Found. Stopping crowsnest.
[12/11/22 01:07:50] crowsnest: crowsnest - A webcam Service for multiple Cams and Stream Services.
[12/11/22 01:07:50] crowsnest: Version: v3.0.6-12-gdc27e3f
[12/11/22 01:07:50] crowsnest: Prepare Startup ...
[12/11/22 01:07:50] crowsnest: INFO: Host information:
[12/11/22 01:07:51] crowsnest: Host Info: Distribution: Raspbian GNU/Linux 10 (buster)
[12/11/22 01:07:51] crowsnest: Host Info: Release: MainsailOS release 0.7.1 (buster)
[12/11/22 01:07:51] crowsnest: Host Info: Kernel: Linux 5.10.103-v7+ armv7l
[12/11/22 01:07:51] crowsnest: Host Info: Model: Raspberry Pi 3 Model B Rev 1.2
[12/11/22 01:07:51] crowsnest: Host Info: Available CPU Cores: 4
[12/11/22 01:07:51] crowsnest: Host Info: Available Memory: 892584 kB
[12/11/22 01:07:51] crowsnest: Host Info: Diskspace (avail. / total): 53G / 59G
[12/11/22 01:07:51] crowsnest: INFO: Checking Dependencys
[12/11/22 01:07:51] crowsnest: Dependency: 'crudini' found in /usr/bin/crudini.
[12/11/22 01:07:51] crowsnest: Dependency: 'find' found in /usr/bin/find.
[12/11/22 01:07:51] crowsnest: Dependency: 'logger' found in /usr/bin/logger.
[12/11/22 01:07:51] crowsnest: Dependency: 'xargs' found in /usr/bin/xargs.
[12/11/22 01:07:51] crowsnest: Dependency: 'ffmpeg' found in /usr/bin/ffmpeg.
[12/11/22 01:07:51] crowsnest: Dependency: 'ustreamer' found in bin/ustreamer/ustreamer.
[12/11/22 01:07:51] crowsnest: Dependency: 'rtsp-simple-server' found in bin/rtsp-simple-server/rtsp-simple-server.
[12/11/22 01:07:51] crowsnest: Version Control: ustreamer is up to date. (v4.13)
[12/11/22 01:07:51] crowsnest: Version Control: rtsp-simple-server is up to date. (v0.20.2)
[12/11/22 01:07:52] crowsnest: Version Control: ffmpeg is up to date. (4.1.10-0+deb10u1+rpt1)
[12/11/22 01:07:52] crowsnest: INFO: Print Configfile: '/home/pi/printer_data/config/crowsnest.conf'
[12/11/22 01:07:52] crowsnest: 		[crowsnest]
[12/11/22 01:07:52] crowsnest: 		log_path: ~/printer_data/logs/crowsnest.log
[12/11/22 01:07:52] crowsnest: 		log_level: verbose
[12/11/22 01:07:52] crowsnest: 		delete_log: false
[12/11/22 01:07:52] crowsnest: 		
[12/11/22 01:07:52] crowsnest: 		[cam 1]
[12/11/22 01:07:52] crowsnest: 		mode: mjpg
[12/11/22 01:07:52] crowsnest: 		port: 8080
[12/11/22 01:07:52] crowsnest: 		device: /dev/video0
[12/11/22 01:07:52] crowsnest: 		resolution: 640x480
[12/11/22 01:07:52] crowsnest: 		max_fps: 15
[12/11/22 01:07:52] crowsnest: INFO: Detect available Devices
[12/11/22 01:07:52] crowsnest: ERROR: No usable Devices Found. Stopping crowsnest.
[12/11/22 01:07:58] crowsnest: crowsnest - A webcam Service for multiple Cams and Stream Services.
[12/11/22 01:07:58] crowsnest: Version: v3.0.6-12-gdc27e3f
[12/11/22 01:07:58] crowsnest: Prepare Startup ...
[12/11/22 01:07:58] crowsnest: INFO: Host information:
[12/11/22 01:07:58] crowsnest: Host Info: Distribution: Raspbian GNU/Linux 10 (buster)
[12/11/22 01:07:58] crowsnest: Host Info: Release: MainsailOS release 0.7.1 (buster)
[12/11/22 01:07:58] crowsnest: Host Info: Kernel: Linux 5.10.103-v7+ armv7l
[12/11/22 01:07:58] crowsnest: Host Info: Model: Raspberry Pi 3 Model B Rev 1.2
[12/11/22 01:07:58] crowsnest: Host Info: Available CPU Cores: 4
[12/11/22 01:07:58] crowsnest: Host Info: Available Memory: 892584 kB
[12/11/22 01:07:58] crowsnest: Host Info: Diskspace (avail. / total): 53G / 59G
[12/11/22 01:07:58] crowsnest: INFO: Checking Dependencys
[12/11/22 01:07:58] crowsnest: Dependency: 'crudini' found in /usr/bin/crudini.
[12/11/22 01:07:59] crowsnest: Dependency: 'find' found in /usr/bin/find.
[12/11/22 01:07:59] crowsnest: Dependency: 'logger' found in /usr/bin/logger.
[12/11/22 01:07:59] crowsnest: Dependency: 'xargs' found in /usr/bin/xargs.
[12/11/22 01:07:59] crowsnest: Dependency: 'ffmpeg' found in /usr/bin/ffmpeg.
[12/11/22 01:07:59] crowsnest: Dependency: 'ustreamer' found in bin/ustreamer/ustreamer.
[12/11/22 01:07:59] crowsnest: Dependency: 'rtsp-simple-server' found in bin/rtsp-simple-server/rtsp-simple-server.
[12/11/22 01:07:59] crowsnest: Version Control: ustreamer is up to date. (v4.13)
[12/11/22 01:07:59] crowsnest: Version Control: rtsp-simple-server is up to date. (v0.20.2)
[12/11/22 01:08:00] crowsnest: Version Control: ffmpeg is up to date. (4.1.10-0+deb10u1+rpt1)
[12/11/22 01:08:00] crowsnest: INFO: Print Configfile: '/home/pi/printer_data/config/crowsnest.conf'
[12/11/22 01:08:00] crowsnest: 		[crowsnest]
[12/11/22 01:08:00] crowsnest: 		log_path: ~/printer_data/logs/crowsnest.log
[12/11/22 01:08:00] crowsnest: 		log_level: verbose
[12/11/22 01:08:00] crowsnest: 		delete_log: false
[12/11/22 01:08:00] crowsnest: 		
[12/11/22 01:08:00] crowsnest: 		[cam 1]
[12/11/22 01:08:00] crowsnest: 		mode: mjpg
[12/11/22 01:08:00] crowsnest: 		port: 8080
[12/11/22 01:08:00] crowsnest: 		device: /dev/video0
[12/11/22 01:08:00] crowsnest: 		resolution: 640x480
[12/11/22 01:08:00] crowsnest: 		max_fps: 15
[12/11/22 01:08:00] crowsnest: INFO: Detect available Devices
[12/11/22 01:08:00] crowsnest: ERROR: No usable Devices Found. Stopping crowsnest.
[12/11/22 01:08:06] crowsnest: crowsnest - A webcam Service for multiple Cams and Stream Services.
[12/11/22 01:08:06] crowsnest: Version: v3.0.6-12-gdc27e3f
[12/11/22 01:08:06] crowsnest: Prepare Startup ...
[12/11/22 01:08:06] crowsnest: INFO: Host information:
[12/11/22 01:08:06] crowsnest: Host Info: Distribution: Raspbian GNU/Linux 10 (buster)
[12/11/22 01:08:06] crowsnest: Host Info: Release: MainsailOS release 0.7.1 (buster)
[12/11/22 01:08:06] crowsnest: Host Info: Kernel: Linux 5.10.103-v7+ armv7l
[12/11/22 01:08:06] crowsnest: Host Info: Model: Raspberry Pi 3 Model B Rev 1.2
[12/11/22 01:08:06] crowsnest: Host Info: Available CPU Cores: 4
[12/11/22 01:08:06] crowsnest: Host Info: Available Memory: 892584 kB
[12/11/22 01:08:06] crowsnest: Host Info: Diskspace (avail. / total): 53G / 59G
[12/11/22 01:08:06] crowsnest: INFO: Checking Dependencys
[12/11/22 01:08:06] crowsnest: Dependency: 'crudini' found in /usr/bin/crudini.
[12/11/22 01:08:06] crowsnest: Dependency: 'find' found in /usr/bin/find.
[12/11/22 01:08:06] crowsnest: Dependency: 'logger' found in /usr/bin/logger.
[12/11/22 01:08:06] crowsnest: Dependency: 'xargs' found in /usr/bin/xargs.
[12/11/22 01:08:06] crowsnest: Dependency: 'ffmpeg' found in /usr/bin/ffmpeg.
[12/11/22 01:08:06] crowsnest: Dependency: 'ustreamer' found in bin/ustreamer/ustreamer.
[12/11/22 01:08:07] crowsnest: Dependency: 'rtsp-simple-server' found in bin/rtsp-simple-server/rtsp-simple-server.
[12/11/22 01:08:07] crowsnest: Version Control: ustreamer is up to date. (v4.13)
[12/11/22 01:08:07] crowsnest: Version Control: rtsp-simple-server is up to date. (v0.20.2)
[12/11/22 01:08:07] crowsnest: Version Control: ffmpeg is up to date. (4.1.10-0+deb10u1+rpt1)
[12/11/22 01:08:08] crowsnest: INFO: Print Configfile: '/home/pi/printer_data/config/crowsnest.conf'
[12/11/22 01:08:08] crowsnest: 		[crowsnest]
[12/11/22 01:08:08] crowsnest: 		log_path: ~/printer_data/logs/crowsnest.log
[12/11/22 01:08:08] crowsnest: 		log_level: verbose
[12/11/22 01:08:08] crowsnest: 		delete_log: false
[12/11/22 01:08:08] crowsnest: 		
[12/11/22 01:08:08] crowsnest: 		[cam 1]
[12/11/22 01:08:08] crowsnest: 		mode: mjpg
[12/11/22 01:08:08] crowsnest: 		port: 8080
[12/11/22 01:08:08] crowsnest: 		device: /dev/video0
[12/11/22 01:08:08] crowsnest: 		resolution: 640x480
[12/11/22 01:08:08] crowsnest: 		max_fps: 15
[12/11/22 01:08:08] crowsnest: INFO: Detect available Devices
[12/11/22 01:08:08] crowsnest: ERROR: No usable Devices Found. Stopping crowsnest.
[12/11/22 01:08:13] crowsnest: crowsnest - A webcam Service for multiple Cams and Stream Services.
[12/11/22 01:08:13] crowsnest: Version: v3.0.6-12-gdc27e3f
[12/11/22 01:08:14] crowsnest: Prepare Startup ...
[12/11/22 01:08:14] crowsnest: INFO: Host information:
[12/11/22 01:08:14] crowsnest: Host Info: Distribution: Raspbian GNU/Linux 10 (buster)
[12/11/22 01:08:14] crowsnest: Host Info: Release: MainsailOS release 0.7.1 (buster)
[12/11/22 01:08:14] crowsnest: Host Info: Kernel: Linux 5.10.103-v7+ armv7l
[12/11/22 01:08:14] crowsnest: Host Info: Model: Raspberry Pi 3 Model B Rev 1.2
[12/11/22 01:08:14] crowsnest: Host Info: Available CPU Cores: 4
[12/11/22 01:08:14] crowsnest: Host Info: Available Memory: 892584 kB
[12/11/22 01:08:14] crowsnest: Host Info: Diskspace (avail. / total): 53G / 59G
[12/11/22 01:08:14] crowsnest: INFO: Checking Dependencys
[12/11/22 01:08:14] crowsnest: Dependency: 'crudini' found in /usr/bin/crudini.
[12/11/22 01:08:14] crowsnest: Dependency: 'find' found in /usr/bin/find.
[12/11/22 01:08:14] crowsnest: Dependency: 'logger' found in /usr/bin/logger.
[12/11/22 01:08:14] crowsnest: Dependency: 'xargs' found in /usr/bin/xargs.
[12/11/22 01:08:14] crowsnest: Dependency: 'ffmpeg' found in /usr/bin/ffmpeg.
[12/11/22 01:08:14] crowsnest: Dependency: 'ustreamer' found in bin/ustreamer/ustreamer.
[12/11/22 01:08:14] crowsnest: Dependency: 'rtsp-simple-server' found in bin/rtsp-simple-server/rtsp-simple-server.
[12/11/22 01:08:15] crowsnest: Version Control: ustreamer is up to date. (v4.13)
[12/11/22 01:08:15] crowsnest: Version Control: rtsp-simple-server is up to date. (v0.20.2)
[12/11/22 01:08:15] crowsnest: Version Control: ffmpeg is up to date. (4.1.10-0+deb10u1+rpt1)
[12/11/22 01:08:16] crowsnest: INFO: Print Configfile: '/home/pi/printer_data/config/crowsnest.conf'
[12/11/22 01:08:16] crowsnest: 		[crowsnest]
[12/11/22 01:08:16] crowsnest: 		log_path: ~/printer_data/logs/crowsnest.log
[12/11/22 01:08:16] crowsnest: 		log_level: verbose
[12/11/22 01:08:16] crowsnest: 		delete_log: false
[12/11/22 01:08:16] crowsnest: 		
[12/11/22 01:08:16] crowsnest: 		[cam 1]
[12/11/22 01:08:16] crowsnest: 		mode: mjpg
[12/11/22 01:08:16] crowsnest: 		port: 8080
[12/11/22 01:08:16] crowsnest: 		device: /dev/video0
[12/11/22 01:08:16] crowsnest: 		resolution: 640x480
[12/11/22 01:08:16] crowsnest: 		max_fps: 15
[12/11/22 01:08:16] crowsnest: INFO: Detect available Devices
[12/11/22 01:08:16] crowsnest: ERROR: No usable Devices Found. Stopping crowsnest.
[12/11/22 01:08:21] crowsnest: crowsnest - A webcam Service for multiple Cams and Stream Services.
[12/11/22 01:08:21] crowsnest: Version: v3.0.6-12-gdc27e3f
[12/11/22 01:08:22] crowsnest: Prepare Startup ...
[12/11/22 01:08:22] crowsnest: INFO: Host information:
[12/11/22 01:08:22] crowsnest: Host Info: Distribution: Raspbian GNU/Linux 10 (buster)
[12/11/22 01:08:22] crowsnest: Host Info: Release: MainsailOS release 0.7.1 (buster)
[12/11/22 01:08:22] crowsnest: Host Info: Kernel: Linux 5.10.103-v7+ armv7l
[12/11/22 01:08:22] crowsnest: Host Info: Model: Raspberry Pi 3 Model B Rev 1.2
[12/11/22 01:08:22] crowsnest: Host Info: Available CPU Cores: 4
[12/11/22 01:08:22] crowsnest: Host Info: Available Memory: 892584 kB
[12/11/22 01:08:22] crowsnest: Host Info: Diskspace (avail. / total): 53G / 59G
[12/11/22 01:08:22] crowsnest: INFO: Checking Dependencys
[12/11/22 01:08:22] crowsnest: Dependency: 'crudini' found in /usr/bin/crudini.
[12/11/22 01:08:22] crowsnest: Dependency: 'find' found in /usr/bin/find.
[12/11/22 01:08:22] crowsnest: Dependency: 'logger' found in /usr/bin/logger.
[12/11/22 01:08:22] crowsnest: Dependency: 'xargs' found in /usr/bin/xargs.
[12/11/22 01:08:22] crowsnest: Dependency: 'ffmpeg' found in /usr/bin/ffmpeg.
[12/11/22 01:08:22] crowsnest: Dependency: 'ustreamer' found in bin/ustreamer/ustreamer.
[12/11/22 01:08:22] crowsnest: Dependency: 'rtsp-simple-server' found in bin/rtsp-simple-server/rtsp-simple-server.
[12/11/22 01:08:22] crowsnest: Version Control: ustreamer is up to date. (v4.13)
[12/11/22 01:08:23] crowsnest: Version Control: rtsp-simple-server is up to date. (v0.20.2)
[12/11/22 01:08:23] crowsnest: Version Control: ffmpeg is up to date. (4.1.10-0+deb10u1+rpt1)
[12/11/22 01:08:23] crowsnest: INFO: Print Configfile: '/home/pi/printer_data/config/crowsnest.conf'
[12/11/22 01:08:23] crowsnest: 		[crowsnest]
[12/11/22 01:08:23] crowsnest: 		log_path: ~/printer_data/logs/crowsnest.log
[12/11/22 01:08:23] crowsnest: 		log_level: verbose
[12/11/22 01:08:23] crowsnest: 		delete_log: false
[12/11/22 01:08:23] crowsnest: 		
[12/11/22 01:08:23] crowsnest: 		[cam 1]
[12/11/22 01:08:23] crowsnest: 		mode: mjpg
[12/11/22 01:08:23] crowsnest: 		port: 8080
[12/11/22 01:08:23] crowsnest: 		device: /dev/video0
[12/11/22 01:08:23] crowsnest: 		resolution: 640x480
[12/11/22 01:08:23] crowsnest: 		max_fps: 15
[12/11/22 01:08:24] crowsnest: INFO: Detect available Devices
[12/11/22 01:08:24] crowsnest: ERROR: No usable Devices Found. Stopping crowsnest.
[12/11/22 01:09:02] crowsnest: crowsnest - A webcam Service for multiple Cams and Stream Services.
[12/11/22 01:09:02] crowsnest: Version: v3.0.6-12-gdc27e3f
[12/11/22 01:09:02] crowsnest: Prepare Startup ...
[12/11/22 01:09:02] crowsnest: INFO: Host information:
[12/11/22 01:09:02] crowsnest: Host Info: Distribution: Raspbian GNU/Linux 10 (buster)
[12/11/22 01:09:02] crowsnest: Host Info: Release: MainsailOS release 0.7.1 (buster)
[12/11/22 01:09:03] crowsnest: Host Info: Kernel: Linux 5.10.103-v7+ armv7l
[12/11/22 01:09:03] crowsnest: Host Info: Model: Raspberry Pi 3 Model B Rev 1.2
[12/11/22 01:09:03] crowsnest: Host Info: Available CPU Cores: 4
[12/11/22 01:09:03] crowsnest: Host Info: Available Memory: 892584 kB
[12/11/22 01:09:03] crowsnest: Host Info: Diskspace (avail. / total): 53G / 59G
[12/11/22 01:09:03] crowsnest: INFO: Checking Dependencys
[12/11/22 01:09:03] crowsnest: Dependency: 'crudini' found in /usr/bin/crudini.
[12/11/22 01:09:03] crowsnest: Dependency: 'find' found in /usr/bin/find.
[12/11/22 01:09:03] crowsnest: Dependency: 'logger' found in /usr/bin/logger.
[12/11/22 01:09:03] crowsnest: Dependency: 'xargs' found in /usr/bin/xargs.
[12/11/22 01:09:03] crowsnest: Dependency: 'ffmpeg' found in /usr/bin/ffmpeg.
[12/11/22 01:09:03] crowsnest: Dependency: 'ustreamer' found in bin/ustreamer/ustreamer.
[12/11/22 01:09:03] crowsnest: Dependency: 'rtsp-simple-server' found in bin/rtsp-simple-server/rtsp-simple-server.
[12/11/22 01:09:04] crowsnest: Version Control: ustreamer is up to date. (v4.13)
[12/11/22 01:09:05] crowsnest: Version Control: rtsp-simple-server is up to date. (v0.20.2)
[12/11/22 01:09:07] crowsnest: Version Control: ffmpeg is up to date. (4.1.10-0+deb10u1+rpt1)
[12/11/22 01:09:08] crowsnest: INFO: Print Configfile: '/home/pi/printer_data/config/crowsnest.conf'
[12/11/22 01:09:08] crowsnest: 		[crowsnest]
[12/11/22 01:09:08] crowsnest: 		log_path: ~/printer_data/logs/crowsnest.log
[12/11/22 01:09:08] crowsnest: 		log_level: verbose
[12/11/22 01:09:08] crowsnest: 		delete_log: false
[12/11/22 01:09:08] crowsnest: 		
[12/11/22 01:09:08] crowsnest: 		[cam 1]
[12/11/22 01:09:08] crowsnest: 		mode: mjpg
[12/11/22 01:09:08] crowsnest: 		port: 8080
[12/11/22 01:09:08] crowsnest: 		device: /dev/video0
[12/11/22 01:09:08] crowsnest: 		resolution: 640x480
[12/11/22 01:09:08] crowsnest: 		max_fps: 15
[12/11/22 01:09:08] crowsnest: INFO: Detect available Devices
[12/11/22 01:09:08] crowsnest: ERROR: No usable Devices Found. Stopping crowsnest.
[12/11/22 01:09:14] crowsnest: crowsnest - A webcam Service for multiple Cams and Stream Services.
[12/11/22 01:09:14] crowsnest: Version: v3.0.6-12-gdc27e3f
[12/11/22 01:09:14] crowsnest: Prepare Startup ...
[12/11/22 01:09:14] crowsnest: INFO: Host information:
[12/11/22 01:09:14] crowsnest: Host Info: Distribution: Raspbian GNU/Linux 10 (buster)
[12/11/22 01:09:14] crowsnest: Host Info: Release: MainsailOS release 0.7.1 (buster)
[12/11/22 01:09:14] crowsnest: Host Info: Kernel: Linux 5.10.103-v7+ armv7l
[12/11/22 01:09:14] crowsnest: Host Info: Model: Raspberry Pi 3 Model B Rev 1.2
[12/11/22 01:09:14] crowsnest: Host Info: Available CPU Cores: 4
[12/11/22 01:09:14] crowsnest: Host Info: Available Memory: 892584 kB
[12/11/22 01:09:14] crowsnest: Host Info: Diskspace (avail. / total): 53G / 59G
[12/11/22 01:09:14] crowsnest: INFO: Checking Dependencys
[12/11/22 01:09:14] crowsnest: Dependency: 'crudini' found in /usr/bin/crudini.
[12/11/22 01:09:14] crowsnest: Dependency: 'find' found in /usr/bin/find.
[12/11/22 01:09:14] crowsnest: Dependency: 'logger' found in /usr/bin/logger.
[12/11/22 01:09:14] crowsnest: Dependency: 'xargs' found in /usr/bin/xargs.
[12/11/22 01:09:14] crowsnest: Dependency: 'ffmpeg' found in /usr/bin/ffmpeg.
[12/11/22 01:09:14] crowsnest: Dependency: 'ustreamer' found in bin/ustreamer/ustreamer.
[12/11/22 01:09:14] crowsnest: Dependency: 'rtsp-simple-server' found in bin/rtsp-simple-server/rtsp-simple-server.
[12/11/22 01:09:14] crowsnest: Version Control: ustreamer is up to date. (v4.13)
[12/11/22 01:09:15] crowsnest: Version Control: rtsp-simple-server is up to date. (v0.20.2)
[12/11/22 01:09:15] crowsnest: Version Control: ffmpeg is up to date. (4.1.10-0+deb10u1+rpt1)
[12/11/22 01:09:15] crowsnest: INFO: Print Configfile: '/home/pi/printer_data/config/crowsnest.conf'
[12/11/22 01:09:15] crowsnest: 		[crowsnest]
[12/11/22 01:09:15] crowsnest: 		log_path: ~/printer_data/logs/crowsnest.log
[12/11/22 01:09:15] crowsnest: 		log_level: verbose
[12/11/22 01:09:15] crowsnest: 		delete_log: false
[12/11/22 01:09:15] crowsnest: 		
[12/11/22 01:09:15] crowsnest: 		[cam 1]
[12/11/22 01:09:15] crowsnest: 		mode: mjpg
[12/11/22 01:09:15] crowsnest: 		port: 8080
[12/11/22 01:09:15] crowsnest: 		device: /dev/video0
[12/11/22 01:09:16] crowsnest: 		resolution: 640x480
[12/11/22 01:09:16] crowsnest: 		max_fps: 15
[12/11/22 01:09:16] crowsnest: INFO: Detect available Devices
[12/11/22 01:09:16] crowsnest: ERROR: No usable Devices Found. Stopping crowsnest.
[12/11/22 01:09:21] crowsnest: crowsnest - A webcam Service for multiple Cams and Stream Services.
[12/11/22 01:09:21] crowsnest: Version: v3.0.6-12-gdc27e3f
[12/11/22 01:09:21] crowsnest: Prepare Startup ...
[12/11/22 01:09:22] crowsnest: INFO: Host information:
[12/11/22 01:09:22] crowsnest: Host Info: Distribution: Raspbian GNU/Linux 10 (buster)
[12/11/22 01:09:22] crowsnest: Host Info: Release: MainsailOS release 0.7.1 (buster)
[12/11/22 01:09:22] crowsnest: Host Info: Kernel: Linux 5.10.103-v7+ armv7l
[12/11/22 01:09:22] crowsnest: Host Info: Model: Raspberry Pi 3 Model B Rev 1.2
[12/11/22 01:09:22] crowsnest: Host Info: Available CPU Cores: 4
[12/11/22 01:09:22] crowsnest: Host Info: Available Memory: 892584 kB
[12/11/22 01:09:22] crowsnest: Host Info: Diskspace (avail. / total): 53G / 59G
[12/11/22 01:09:22] crowsnest: INFO: Checking Dependencys
[12/11/22 01:09:22] crowsnest: Dependency: 'crudini' found in /usr/bin/crudini.
[12/11/22 01:09:22] crowsnest: Dependency: 'find' found in /usr/bin/find.
[12/11/22 01:09:22] crowsnest: Dependency: 'logger' found in /usr/bin/logger.
[12/11/22 01:09:22] crowsnest: Dependency: 'xargs' found in /usr/bin/xargs.
[12/11/22 01:09:22] crowsnest: Dependency: 'ffmpeg' found in /usr/bin/ffmpeg.
[12/11/22 01:09:22] crowsnest: Dependency: 'ustreamer' found in bin/ustreamer/ustreamer.
[12/11/22 01:09:22] crowsnest: Dependency: 'rtsp-simple-server' found in bin/rtsp-simple-server/rtsp-simple-server.
[12/11/22 01:09:22] crowsnest: Version Control: ustreamer is up to date. (v4.13)
[12/11/22 01:09:22] crowsnest: Version Control: rtsp-simple-server is up to date. (v0.20.2)
[12/11/22 01:09:23] crowsnest: Version Control: ffmpeg is up to date. (4.1.10-0+deb10u1+rpt1)
[12/11/22 01:09:23] crowsnest: INFO: Print Configfile: '/home/pi/printer_data/config/crowsnest.conf'
[12/11/22 01:09:23] crowsnest: 		[crowsnest]
[12/11/22 01:09:23] crowsnest: 		log_path: ~/printer_data/logs/crowsnest.log
[12/11/22 01:09:23] crowsnest: 		log_level: verbose
[12/11/22 01:09:23] crowsnest: 		delete_log: false
[12/11/22 01:09:23] crowsnest: 		
[12/11/22 01:09:23] crowsnest: 		[cam 1]
[12/11/22 01:09:23] crowsnest: 		mode: mjpg
[12/11/22 01:09:23] crowsnest: 		port: 8080
[12/11/22 01:09:23] crowsnest: 		device: /dev/video0
[12/11/22 01:09:23] crowsnest: 		resolution: 640x480
[12/11/22 01:09:23] crowsnest: 		max_fps: 15
[12/11/22 01:09:23] crowsnest: INFO: Detect available Devices
[12/11/22 01:09:23] crowsnest: ERROR: No usable Devices Found. Stopping crowsnest.
[12/11/22 01:09:29] crowsnest: crowsnest - A webcam Service for multiple Cams and Stream Services.
[12/11/22 01:09:29] crowsnest: Version: v3.0.6-12-gdc27e3f
[12/11/22 01:09:29] crowsnest: Prepare Startup ...
[12/11/22 01:09:29] crowsnest: INFO: Host information:
[12/11/22 01:09:29] crowsnest: Host Info: Distribution: Raspbian GNU/Linux 10 (buster)
[12/11/22 01:09:29] crowsnest: Host Info: Release: MainsailOS release 0.7.1 (buster)
[12/11/22 01:09:29] crowsnest: Host Info: Kernel: Linux 5.10.103-v7+ armv7l
[12/11/22 01:09:29] crowsnest: Host Info: Model: Raspberry Pi 3 Model B Rev 1.2
[12/11/22 01:09:29] crowsnest: Host Info: Available CPU Cores: 4
[12/11/22 01:09:29] crowsnest: Host Info: Available Memory: 892584 kB
[12/11/22 01:09:29] crowsnest: Host Info: Diskspace (avail. / total): 53G / 59G
[12/11/22 01:09:29] crowsnest: INFO: Checking Dependencys
[12/11/22 01:09:30] crowsnest: Dependency: 'crudini' found in /usr/bin/crudini.
[12/11/22 01:09:30] crowsnest: Dependency: 'find' found in /usr/bin/find.
[12/11/22 01:09:30] crowsnest: Dependency: 'logger' found in /usr/bin/logger.
[12/11/22 01:09:30] crowsnest: Dependency: 'xargs' found in /usr/bin/xargs.
[12/11/22 01:09:30] crowsnest: Dependency: 'ffmpeg' found in /usr/bin/ffmpeg.
[12/11/22 01:09:30] crowsnest: Dependency: 'ustreamer' found in bin/ustreamer/ustreamer.
[12/11/22 01:09:30] crowsnest: Dependency: 'rtsp-simple-server' found in bin/rtsp-simple-server/rtsp-simple-server.
[12/11/22 01:09:30] crowsnest: Version Control: ustreamer is up to date. (v4.13)
[12/11/22 01:09:30] crowsnest: Version Control: rtsp-simple-server is up to date. (v0.20.2)
[12/11/22 01:09:31] crowsnest: Version Control: ffmpeg is up to date. (4.1.10-0+deb10u1+rpt1)
[12/11/22 01:09:31] crowsnest: INFO: Print Configfile: '/home/pi/printer_data/config/crowsnest.conf'
[12/11/22 01:09:31] crowsnest: 		[crowsnest]
[12/11/22 01:09:31] crowsnest: 		log_path: ~/printer_data/logs/crowsnest.log
[12/11/22 01:09:31] crowsnest: 		log_level: verbose
[12/11/22 01:09:31] crowsnest: 		delete_log: false
[12/11/22 01:09:31] crowsnest: 		
[12/11/22 01:09:31] crowsnest: 		[cam 1]
[12/11/22 01:09:31] crowsnest: 		mode: mjpg
[12/11/22 01:09:31] crowsnest: 		port: 8080
[12/11/22 01:09:31] crowsnest: 		device: /dev/video0
[12/11/22 01:09:31] crowsnest: 		resolution: 640x480
[12/11/22 01:09:31] crowsnest: 		max_fps: 15
[12/11/22 01:09:31] crowsnest: INFO: Detect available Devices
[12/11/22 01:09:31] crowsnest: ERROR: No usable Devices Found. Stopping crowsnest.
[12/11/22 01:09:47] crowsnest: crowsnest - A webcam Service for multiple Cams and Stream Services.
[12/11/22 01:09:47] crowsnest: Version: v3.0.6-12-gdc27e3f
[12/11/22 01:09:47] crowsnest: Prepare Startup ...
[12/11/22 01:09:47] crowsnest: INFO: Host information:
[12/11/22 01:09:47] crowsnest: Host Info: Distribution: Raspbian GNU/Linux 10 (buster)
[12/11/22 01:09:47] crowsnest: Host Info: Release: MainsailOS release 0.7.1 (buster)
[12/11/22 01:09:47] crowsnest: Host Info: Kernel: Linux 5.10.103-v7+ armv7l
[12/11/22 01:09:47] crowsnest: Host Info: Model: Raspberry Pi 3 Model B Rev 1.2
[12/11/22 01:09:47] crowsnest: Host Info: Available CPU Cores: 4
[12/11/22 01:09:47] crowsnest: Host Info: Available Memory: 892584 kB
[12/11/22 01:09:48] crowsnest: Host Info: Diskspace (avail. / total): 53G / 59G
[12/11/22 01:09:48] crowsnest: INFO: Checking Dependencys
[12/11/22 01:09:48] crowsnest: Dependency: 'crudini' found in /usr/bin/crudini.
[12/11/22 01:09:48] crowsnest: Dependency: 'find' found in /usr/bin/find.
[12/11/22 01:09:48] crowsnest: Dependency: 'logger' found in /usr/bin/logger.
[12/11/22 01:09:48] crowsnest: Dependency: 'xargs' found in /usr/bin/xargs.
[12/11/22 01:09:48] crowsnest: Dependency: 'ffmpeg' found in /usr/bin/ffmpeg.
[12/11/22 01:09:48] crowsnest: Dependency: 'ustreamer' found in bin/ustreamer/ustreamer.
[12/11/22 01:09:48] crowsnest: Dependency: 'rtsp-simple-server' found in bin/rtsp-simple-server/rtsp-simple-server.
[12/11/22 01:09:48] crowsnest: Version Control: ustreamer is up to date. (v4.13)
[12/11/22 01:09:48] crowsnest: Version Control: rtsp-simple-server is up to date. (v0.20.2)
[12/11/22 01:09:49] crowsnest: Version Control: ffmpeg is up to date. (4.1.10-0+deb10u1+rpt1)
[12/11/22 01:09:49] crowsnest: INFO: Print Configfile: '/home/pi/printer_data/config/crowsnest.conf'
[12/11/22 01:09:49] crowsnest: 		[crowsnest]
[12/11/22 01:09:49] crowsnest: 		log_path: ~/printer_data/logs/crowsnest.log
[12/11/22 01:09:49] crowsnest: 		log_level: verbose
[12/11/22 01:09:49] crowsnest: 		delete_log: false
[12/11/22 01:09:49] crowsnest: 		
[12/11/22 01:09:49] crowsnest: 		[cam 1]
[12/11/22 01:09:49] crowsnest: 		mode: mjpg
[12/11/22 01:09:49] crowsnest: 		port: 8080
[12/11/22 01:09:49] crowsnest: 		device: /dev/video0
[12/11/22 01:09:49] crowsnest: 		resolution: 640x480
[12/11/22 01:09:49] crowsnest: 		max_fps: 15
[12/11/22 01:09:49] crowsnest: INFO: Detect available Devices
[12/11/22 01:09:49] crowsnest: ERROR: No usable Devices Found. Stopping crowsnest.
[12/11/22 01:09:55] crowsnest: crowsnest - A webcam Service for multiple Cams and Stream Services.
[12/11/22 01:09:55] crowsnest: Version: v3.0.6-12-gdc27e3f
[12/11/22 01:09:55] crowsnest: Prepare Startup ...
[12/11/22 01:09:55] crowsnest: INFO: Host information:
[12/11/22 01:09:55] crowsnest: Host Info: Distribution: Raspbian GNU/Linux 10 (buster)
[12/11/22 01:09:55] crowsnest: Host Info: Release: MainsailOS release 0.7.1 (buster)
[12/11/22 01:09:55] crowsnest: Host Info: Kernel: Linux 5.10.103-v7+ armv7l
[12/11/22 01:09:55] crowsnest: Host Info: Model: Raspberry Pi 3 Model B Rev 1.2
[12/11/22 01:09:55] crowsnest: Host Info: Available CPU Cores: 4
[12/11/22 01:09:55] crowsnest: Host Info: Available Memory: 892584 kB
[12/11/22 01:09:55] crowsnest: Host Info: Diskspace (avail. / total): 53G / 59G
[12/11/22 01:09:55] crowsnest: INFO: Checking Dependencys
[12/11/22 01:09:55] crowsnest: Dependency: 'crudini' found in /usr/bin/crudini.
[12/11/22 01:09:55] crowsnest: Dependency: 'find' found in /usr/bin/find.
[12/11/22 01:09:55] crowsnest: Dependency: 'logger' found in /usr/bin/logger.
[12/11/22 01:09:55] crowsnest: Dependency: 'xargs' found in /usr/bin/xargs.
[12/11/22 01:09:56] crowsnest: Dependency: 'ffmpeg' found in /usr/bin/ffmpeg.
[12/11/22 01:09:56] crowsnest: Dependency: 'ustreamer' found in bin/ustreamer/ustreamer.
[12/11/22 01:09:56] crowsnest: Dependency: 'rtsp-simple-server' found in bin/rtsp-simple-server/rtsp-simple-server.
[12/11/22 01:09:56] crowsnest: Version Control: ustreamer is up to date. (v4.13)
[12/11/22 01:09:56] crowsnest: Version Control: rtsp-simple-server is up to date. (v0.20.2)
[12/11/22 01:09:56] crowsnest: Version Control: ffmpeg is up to date. (4.1.10-0+deb10u1+rpt1)
[12/11/22 01:09:57] crowsnest: INFO: Print Configfile: '/home/pi/printer_data/config/crowsnest.conf'
[12/11/22 01:09:57] crowsnest: 		[crowsnest]
[12/11/22 01:09:57] crowsnest: 		log_path: ~/printer_data/logs/crowsnest.log
[12/11/22 01:09:57] crowsnest: 		log_level: verbose
[12/11/22 01:09:57] crowsnest: 		delete_log: false
[12/11/22 01:09:57] crowsnest: 		
[12/11/22 01:09:57] crowsnest: 		[cam 1]
[12/11/22 01:09:57] crowsnest: 		mode: mjpg
[12/11/22 01:09:57] crowsnest: 		port: 8080
[12/11/22 01:09:57] crowsnest: 		device: /dev/video0
[12/11/22 01:09:57] crowsnest: 		resolution: 640x480
[12/11/22 01:09:57] crowsnest: 		max_fps: 15
[12/11/22 01:09:57] crowsnest: INFO: Detect available Devices
[12/11/22 01:09:57] crowsnest: ERROR: No usable Devices Found. Stopping crowsnest.
[12/11/22 01:10:03] crowsnest: crowsnest - A webcam Service for multiple Cams and Stream Services.
[12/11/22 01:10:03] crowsnest: Version: v3.0.6-12-gdc27e3f
[12/11/22 01:10:03] crowsnest: Prepare Startup ...
[12/11/22 01:10:03] crowsnest: INFO: Host information:
[12/11/22 01:10:03] crowsnest: Host Info: Distribution: Raspbian GNU/Linux 10 (buster)
[12/11/22 01:10:03] crowsnest: Host Info: Release: MainsailOS release 0.7.1 (buster)
[12/11/22 01:10:03] crowsnest: Host Info: Kernel: Linux 5.10.103-v7+ armv7l
[12/11/22 01:10:03] crowsnest: Host Info: Model: Raspberry Pi 3 Model B Rev 1.2
[12/11/22 01:10:03] crowsnest: Host Info: Available CPU Cores: 4
[12/11/22 01:10:03] crowsnest: Host Info: Available Memory: 892584 kB
[12/11/22 01:10:03] crowsnest: Host Info: Diskspace (avail. / total): 53G / 59G
[12/11/22 01:10:03] crowsnest: INFO: Checking Dependencys
[12/11/22 01:10:03] crowsnest: Dependency: 'crudini' found in /usr/bin/crudini.
[12/11/22 01:10:03] crowsnest: Dependency: 'find' found in /usr/bin/find.
[12/11/22 01:10:03] crowsnest: Dependency: 'logger' found in /usr/bin/logger.
[12/11/22 01:10:03] crowsnest: Dependency: 'xargs' found in /usr/bin/xargs.
[12/11/22 01:10:03] crowsnest: Dependency: 'ffmpeg' found in /usr/bin/ffmpeg.
[12/11/22 01:10:03] crowsnest: Dependency: 'ustreamer' found in bin/ustreamer/ustreamer.
[12/11/22 01:10:03] crowsnest: Dependency: 'rtsp-simple-server' found in bin/rtsp-simple-server/rtsp-simple-server.
[12/11/22 01:10:04] crowsnest: Version Control: ustreamer is up to date. (v4.13)
[12/11/22 01:10:04] crowsnest: Version Control: rtsp-simple-server is up to date. (v0.20.2)
[12/11/22 01:10:04] crowsnest: Version Control: ffmpeg is up to date. (4.1.10-0+deb10u1+rpt1)
[12/11/22 01:10:04] crowsnest: INFO: Print Configfile: '/home/pi/printer_data/config/crowsnest.conf'
[12/11/22 01:10:04] crowsnest: 		[crowsnest]
[12/11/22 01:10:04] crowsnest: 		log_path: ~/printer_data/logs/crowsnest.log
[12/11/22 01:10:04] crowsnest: 		log_level: verbose
[12/11/22 01:10:04] crowsnest: 		delete_log: false
[12/11/22 01:10:04] crowsnest: 		
[12/11/22 01:10:04] crowsnest: 		[cam 1]
[12/11/22 01:10:05] crowsnest: 		mode: mjpg
[12/11/22 01:10:05] crowsnest: 		port: 8080
[12/11/22 01:10:05] crowsnest: 		device: /dev/video0
[12/11/22 01:10:05] crowsnest: 		resolution: 640x480
[12/11/22 01:10:05] crowsnest: 		max_fps: 15
[12/11/22 01:10:05] crowsnest: INFO: Detect available Devices
[12/11/22 01:10:05] crowsnest: ERROR: No usable Devices Found. Stopping crowsnest.
[12/11/22 01:10:10] crowsnest: crowsnest - A webcam Service for multiple Cams and Stream Services.
[12/11/22 01:10:10] crowsnest: Version: v3.0.6-12-gdc27e3f
[12/11/22 01:10:10] crowsnest: Prepare Startup ...
[12/11/22 01:10:11] crowsnest: INFO: Host information:
[12/11/22 01:10:11] crowsnest: Host Info: Distribution: Raspbian GNU/Linux 10 (buster)
[12/11/22 01:10:11] crowsnest: Host Info: Release: MainsailOS release 0.7.1 (buster)
[12/11/22 01:10:11] crowsnest: Host Info: Kernel: Linux 5.10.103-v7+ armv7l
[12/11/22 01:10:11] crowsnest: Host Info: Model: Raspberry Pi 3 Model B Rev 1.2
[12/11/22 01:10:11] crowsnest: Host Info: Available CPU Cores: 4
[12/11/22 01:10:11] crowsnest: Host Info: Available Memory: 892584 kB
[12/11/22 01:10:11] crowsnest: Host Info: Diskspace (avail. / total): 53G / 59G
[12/11/22 01:10:11] crowsnest: INFO: Checking Dependencys
[12/11/22 01:10:11] crowsnest: Dependency: 'crudini' found in /usr/bin/crudini.
[12/11/22 01:10:11] crowsnest: Dependency: 'find' found in /usr/bin/find.
[12/11/22 01:10:11] crowsnest: Dependency: 'logger' found in /usr/bin/logger.
[12/11/22 01:10:11] crowsnest: Dependency: 'xargs' found in /usr/bin/xargs.
[12/11/22 01:10:11] crowsnest: Dependency: 'ffmpeg' found in /usr/bin/ffmpeg.
[12/11/22 01:10:11] crowsnest: Dependency: 'ustreamer' found in bin/ustreamer/ustreamer.
[12/11/22 01:10:11] crowsnest: Dependency: 'rtsp-simple-server' found in bin/rtsp-simple-server/rtsp-simple-server.
[12/11/22 01:10:11] crowsnest: Version Control: ustreamer is up to date. (v4.13)
[12/11/22 01:10:11] crowsnest: Version Control: rtsp-simple-server is up to date. (v0.20.2)
[12/11/22 01:10:12] crowsnest: Version Control: ffmpeg is up to date. (4.1.10-0+deb10u1+rpt1)
[12/11/22 01:10:12] crowsnest: INFO: Print Configfile: '/home/pi/printer_data/config/crowsnest.conf'
[12/11/22 01:10:12] crowsnest: 		[crowsnest]
[12/11/22 01:10:12] crowsnest: 		log_path: ~/printer_data/logs/crowsnest.log
[12/11/22 01:10:12] crowsnest: 		log_level: verbose
[12/11/22 01:10:12] crowsnest: 		delete_log: false
[12/11/22 01:10:12] crowsnest: 		
[12/11/22 01:10:12] crowsnest: 		[cam 1]
[12/11/22 01:10:12] crowsnest: 		mode: mjpg
[12/11/22 01:10:12] crowsnest: 		port: 8080
[12/11/22 01:10:12] crowsnest: 		device: /dev/video0
[12/11/22 01:10:12] crowsnest: 		resolution: 640x480
[12/11/22 01:10:12] crowsnest: 		max_fps: 15
[12/11/22 01:10:12] crowsnest: INFO: Detect available Devices
[12/11/22 01:10:12] crowsnest: ERROR: No usable Devices Found. Stopping crowsnest.
[12/11/22 01:10:18] crowsnest: crowsnest - A webcam Service for multiple Cams and Stream Services.
[12/11/22 01:10:18] crowsnest: Version: v3.0.6-12-gdc27e3f
[12/11/22 01:10:18] crowsnest: Prepare Startup ...
[12/11/22 01:10:18] crowsnest: INFO: Host information:
[12/11/22 01:10:18] crowsnest: Host Info: Distribution: Raspbian GNU/Linux 10 (buster)
[12/11/22 01:10:18] crowsnest: Host Info: Release: MainsailOS release 0.7.1 (buster)
[12/11/22 01:10:18] crowsnest: Host Info: Kernel: Linux 5.10.103-v7+ armv7l
[12/11/22 01:10:18] crowsnest: Host Info: Model: Raspberry Pi 3 Model B Rev 1.2
[12/11/22 01:10:18] crowsnest: Host Info: Available CPU Cores: 4
[12/11/22 01:10:18] crowsnest: Host Info: Available Memory: 892584 kB
[12/11/22 01:10:19] crowsnest: Host Info: Diskspace (avail. / total): 53G / 59G
[12/11/22 01:10:19] crowsnest: INFO: Checking Dependencys
[12/11/22 01:10:19] crowsnest: Dependency: 'crudini' found in /usr/bin/crudini.
[12/11/22 01:10:19] crowsnest: Dependency: 'find' found in /usr/bin/find.
[12/11/22 01:10:19] crowsnest: Dependency: 'logger' found in /usr/bin/logger.
[12/11/22 01:10:19] crowsnest: Dependency: 'xargs' found in /usr/bin/xargs.
[12/11/22 01:10:19] crowsnest: Dependency: 'ffmpeg' found in /usr/bin/ffmpeg.
[12/11/22 01:10:19] crowsnest: Dependency: 'ustreamer' found in bin/ustreamer/ustreamer.
[12/11/22 01:10:19] crowsnest: Dependency: 'rtsp-simple-server' found in bin/rtsp-simple-server/rtsp-simple-server.
[12/11/22 01:10:19] crowsnest: Version Control: ustreamer is up to date. (v4.13)
[12/11/22 01:10:19] crowsnest: Version Control: rtsp-simple-server is up to date. (v0.20.2)
[12/11/22 01:10:20] crowsnest: Version Control: ffmpeg is up to date. (4.1.10-0+deb10u1+rpt1)
[12/11/22 01:10:20] crowsnest: INFO: Print Configfile: '/home/pi/printer_data/config/crowsnest.conf'
[12/11/22 01:10:20] crowsnest: 		[crowsnest]
[12/11/22 01:10:20] crowsnest: 		log_path: ~/printer_data/logs/crowsnest.log
[12/11/22 01:10:20] crowsnest: 		log_level: verbose
[12/11/22 01:10:20] crowsnest: 		delete_log: false
[12/11/22 01:10:20] crowsnest: 		
[12/11/22 01:10:20] crowsnest: 		[cam 1]
[12/11/22 01:10:20] crowsnest: 		mode: mjpg
[12/11/22 01:10:20] crowsnest: 		port: 8080
[12/11/22 01:10:20] crowsnest: 		device: /dev/video0
[12/11/22 01:10:20] crowsnest: 		resolution: 640x480
[12/11/22 01:10:20] crowsnest: 		max_fps: 15
[12/11/22 01:10:20] crowsnest: INFO: Detect available Devices
[12/11/22 01:10:20] crowsnest: ERROR: No usable Devices Found. Stopping crowsnest.
[12/11/22 01:10:26] crowsnest: crowsnest - A webcam Service for multiple Cams and Stream Services.
[12/11/22 01:10:26] crowsnest: Version: v3.0.6-12-gdc27e3f
[12/11/22 01:10:26] crowsnest: Prepare Startup ...
[12/11/22 01:10:26] crowsnest: INFO: Host information:
[12/11/22 01:10:26] crowsnest: Host Info: Distribution: Raspbian GNU/Linux 10 (buster)
[12/11/22 01:10:26] crowsnest: Host Info: Release: MainsailOS release 0.7.1 (buster)
[12/11/22 01:10:26] crowsnest: Host Info: Kernel: Linux 5.10.103-v7+ armv7l
[12/11/22 01:10:26] crowsnest: Host Info: Model: Raspberry Pi 3 Model B Rev 1.2
[12/11/22 01:10:26] crowsnest: Host Info: Available CPU Cores: 4
[12/11/22 01:10:26] crowsnest: Host Info: Available Memory: 892584 kB
[12/11/22 01:10:26] crowsnest: Host Info: Diskspace (avail. / total): 53G / 59G
[12/11/22 01:10:26] crowsnest: INFO: Checking Dependencys
[12/11/22 01:10:26] crowsnest: Dependency: 'crudini' found in /usr/bin/crudini.
[12/11/22 01:10:26] crowsnest: Dependency: 'find' found in /usr/bin/find.
[12/11/22 01:10:26] crowsnest: Dependency: 'logger' found in /usr/bin/logger.
[12/11/22 01:10:27] crowsnest: Dependency: 'xargs' found in /usr/bin/xargs.
[12/11/22 01:10:27] crowsnest: Dependency: 'ffmpeg' found in /usr/bin/ffmpeg.
[12/11/22 01:10:27] crowsnest: Dependency: 'ustreamer' found in bin/ustreamer/ustreamer.
[12/11/22 01:10:27] crowsnest: Dependency: 'rtsp-simple-server' found in bin/rtsp-simple-server/rtsp-simple-server.
[12/11/22 01:10:27] crowsnest: Version Control: ustreamer is up to date. (v4.13)
[12/11/22 01:10:27] crowsnest: Version Control: rtsp-simple-server is up to date. (v0.20.2)
[12/11/22 01:10:27] crowsnest: Version Control: ffmpeg is up to date. (4.1.10-0+deb10u1+rpt1)
[12/11/22 01:10:28] crowsnest: INFO: Print Configfile: '/home/pi/printer_data/config/crowsnest.conf'
[12/11/22 01:10:28] crowsnest: 		[crowsnest]
[12/11/22 01:10:28] crowsnest: 		log_path: ~/printer_data/logs/crowsnest.log
[12/11/22 01:10:28] crowsnest: 		log_level: verbose
[12/11/22 01:10:28] crowsnest: 		delete_log: false
[12/11/22 01:10:28] crowsnest: 		
[12/11/22 01:10:28] crowsnest: 		[cam 1]
[12/11/22 01:10:28] crowsnest: 		mode: mjpg
[12/11/22 01:10:28] crowsnest: 		port: 8080
[12/11/22 01:10:28] crowsnest: 		device: /dev/video0
[12/11/22 01:10:28] crowsnest: 		resolution: 640x480
[12/11/22 01:10:28] crowsnest: 		max_fps: 15
[12/11/22 01:10:28] crowsnest: INFO: Detect available Devices
[12/11/22 01:10:28] crowsnest: ERROR: No usable Devices Found. Stopping crowsnest.
[12/12/22 00:10:28] crowsnest: crowsnest - A webcam Service for multiple Cams and Stream Services.
[12/12/22 00:10:29] crowsnest: Version: v3.0.6-12-gdc27e3f
[12/12/22 00:10:29] crowsnest: Prepare Startup ...
[12/12/22 00:10:29] crowsnest: INFO: Host information:
[12/12/22 00:10:29] crowsnest: Host Info: Distribution: Raspbian GNU/Linux 10 (buster)
[12/12/22 00:10:29] crowsnest: Host Info: Release: MainsailOS release 0.7.1 (buster)
[12/12/22 00:10:29] crowsnest: Host Info: Kernel: Linux 5.10.103-v7+ armv7l
[12/12/22 00:10:29] crowsnest: Host Info: Model: Raspberry Pi 3 Model B Rev 1.2
[12/12/22 00:10:29] crowsnest: Host Info: Available CPU Cores: 4
[12/12/22 00:10:29] crowsnest: Host Info: Available Memory: 892584 kB
[12/12/22 00:10:29] crowsnest: Host Info: Diskspace (avail. / total): 52G / 59G
[12/12/22 00:10:29] crowsnest: INFO: Checking Dependencys
[12/12/22 00:10:29] crowsnest: Dependency: 'crudini' found in /usr/bin/crudini.
[12/12/22 00:10:30] crowsnest: Dependency: 'find' found in /usr/bin/find.
[12/12/22 00:10:30] crowsnest: Dependency: 'logger' found in /usr/bin/logger.
[12/12/22 00:10:30] crowsnest: Dependency: 'xargs' found in /usr/bin/xargs.
[12/12/22 00:10:30] crowsnest: Dependency: 'ffmpeg' found in /usr/bin/ffmpeg.
[12/12/22 00:10:30] crowsnest: Dependency: 'ustreamer' found in bin/ustreamer/ustreamer.
[12/12/22 00:10:30] crowsnest: Dependency: 'rtsp-simple-server' found in bin/rtsp-simple-server/rtsp-simple-server.
[12/12/22 00:10:30] crowsnest: Version Control: ustreamer is up to date. (v4.13)
[12/12/22 00:10:31] crowsnest: Version Control: rtsp-simple-server is up to date. (v0.20.2)
[12/12/22 00:10:34] crowsnest: Version Control: ffmpeg is up to date. (4.1.10-0+deb10u1+rpt1)
[12/12/22 00:10:34] crowsnest: INFO: Print Configfile: '/home/pi/printer_data/config/crowsnest.conf'
[12/12/22 00:10:34] crowsnest: 		[crowsnest]
[12/12/22 00:10:34] crowsnest: 		log_path: ~/printer_data/logs/crowsnest.log
[12/12/22 00:10:34] crowsnest: 		log_level: verbose
[12/12/22 00:10:34] crowsnest: 		delete_log: false
[12/12/22 00:10:34] crowsnest: 		
[12/12/22 00:10:34] crowsnest: 		[cam 1]
[12/12/22 00:10:34] crowsnest: 		mode: mjpg
[12/12/22 00:10:35] crowsnest: 		port: 8080
[12/12/22 00:10:35] crowsnest: 		device: /dev/video0
[12/12/22 00:10:35] crowsnest: 		resolution: 640x480
[12/12/22 00:10:35] crowsnest: 		max_fps: 15
[12/12/22 00:10:35] crowsnest: INFO: Detect available Devices
[12/12/22 00:10:35] crowsnest: ERROR: No usable Devices Found. Stopping crowsnest.
[12/12/22 00:10:40] crowsnest: crowsnest - A webcam Service for multiple Cams and Stream Services.
[12/12/22 00:10:40] crowsnest: Version: v3.0.6-12-gdc27e3f
[12/12/22 00:10:40] crowsnest: Prepare Startup ...
[12/12/22 00:10:41] crowsnest: INFO: Host information:
[12/12/22 00:10:41] crowsnest: Host Info: Distribution: Raspbian GNU/Linux 10 (buster)
[12/12/22 00:10:41] crowsnest: Host Info: Release: MainsailOS release 0.7.1 (buster)
[12/12/22 00:10:41] crowsnest: Host Info: Kernel: Linux 5.10.103-v7+ armv7l
[12/12/22 00:10:41] crowsnest: Host Info: Model: Raspberry Pi 3 Model B Rev 1.2
[12/12/22 00:10:41] crowsnest: Host Info: Available CPU Cores: 4
[12/12/22 00:10:41] crowsnest: Host Info: Available Memory: 892584 kB
[12/12/22 00:10:41] crowsnest: Host Info: Diskspace (avail. / total): 52G / 59G
[12/12/22 00:10:41] crowsnest: INFO: Checking Dependencys
[12/12/22 00:10:41] crowsnest: Dependency: 'crudini' found in /usr/bin/crudini.
[12/12/22 00:10:41] crowsnest: Dependency: 'find' found in /usr/bin/find.
[12/12/22 00:10:41] crowsnest: Dependency: 'logger' found in /usr/bin/logger.
[12/12/22 00:10:41] crowsnest: Dependency: 'xargs' found in /usr/bin/xargs.
[12/12/22 00:10:41] crowsnest: Dependency: 'ffmpeg' found in /usr/bin/ffmpeg.
[12/12/22 00:10:41] crowsnest: Dependency: 'ustreamer' found in bin/ustreamer/ustreamer.
[12/12/22 00:10:41] crowsnest: Dependency: 'rtsp-simple-server' found in bin/rtsp-simple-server/rtsp-simple-server.
[12/12/22 00:10:41] crowsnest: Version Control: ustreamer is up to date. (v4.13)
[12/12/22 00:10:41] crowsnest: Version Control: rtsp-simple-server is up to date. (v0.20.2)
[12/12/22 00:10:42] crowsnest: Version Control: ffmpeg is up to date. (4.1.10-0+deb10u1+rpt1)
[12/12/22 00:10:42] crowsnest: INFO: Print Configfile: '/home/pi/printer_data/config/crowsnest.conf'
[12/12/22 00:10:42] crowsnest: 		[crowsnest]
[12/12/22 00:10:42] crowsnest: 		log_path: ~/printer_data/logs/crowsnest.log
[12/12/22 00:10:42] crowsnest: 		log_level: verbose
[12/12/22 00:10:42] crowsnest: 		delete_log: false
[12/12/22 00:10:42] crowsnest: 		
[12/12/22 00:10:42] crowsnest: 		[cam 1]
[12/12/22 00:10:42] crowsnest: 		mode: mjpg
[12/12/22 00:10:42] crowsnest: 		port: 8080
[12/12/22 00:10:42] crowsnest: 		device: /dev/video0
[12/12/22 00:10:42] crowsnest: 		resolution: 640x480
[12/12/22 00:10:42] crowsnest: 		max_fps: 15
[12/12/22 00:10:42] crowsnest: INFO: Detect available Devices
[12/12/22 00:10:43] crowsnest: ERROR: No usable Devices Found. Stopping crowsnest.
[12/12/22 00:10:48] crowsnest: crowsnest - A webcam Service for multiple Cams and Stream Services.
[12/12/22 00:10:48] crowsnest: Version: v3.0.6-12-gdc27e3f
[12/12/22 00:10:48] crowsnest: Prepare Startup ...
[12/12/22 00:10:48] crowsnest: INFO: Host information:
[12/12/22 00:10:48] crowsnest: Host Info: Distribution: Raspbian GNU/Linux 10 (buster)
[12/12/22 00:10:48] crowsnest: Host Info: Release: MainsailOS release 0.7.1 (buster)
[12/12/22 00:10:49] crowsnest: Host Info: Kernel: Linux 5.10.103-v7+ armv7l
[12/12/22 00:10:49] crowsnest: Host Info: Model: Raspberry Pi 3 Model B Rev 1.2
[12/12/22 00:10:49] crowsnest: Host Info: Available CPU Cores: 4
[12/12/22 00:10:49] crowsnest: Host Info: Available Memory: 892584 kB
[12/12/22 00:10:49] crowsnest: Host Info: Diskspace (avail. / total): 52G / 59G
[12/12/22 00:10:49] crowsnest: INFO: Checking Dependencys
[12/12/22 00:10:49] crowsnest: Dependency: 'crudini' found in /usr/bin/crudini.
[12/12/22 00:10:49] crowsnest: Dependency: 'find' found in /usr/bin/find.
[12/12/22 00:10:49] crowsnest: Dependency: 'logger' found in /usr/bin/logger.
[12/12/22 00:10:49] crowsnest: Dependency: 'xargs' found in /usr/bin/xargs.
[12/12/22 00:10:49] crowsnest: Dependency: 'ffmpeg' found in /usr/bin/ffmpeg.
[12/12/22 00:10:49] crowsnest: Dependency: 'ustreamer' found in bin/ustreamer/ustreamer.
[12/12/22 00:10:49] crowsnest: Dependency: 'rtsp-simple-server' found in bin/rtsp-simple-server/rtsp-simple-server.
[12/12/22 00:10:49] crowsnest: Version Control: ustreamer is up to date. (v4.13)
[12/12/22 00:10:49] crowsnest: Version Control: rtsp-simple-server is up to date. (v0.20.2)
[12/12/22 00:11:01] crowsnest: Version Control: ffmpeg is up to date. (4.1.10-0+deb10u1+rpt1)
[12/12/22 00:11:01] crowsnest: INFO: Print Configfile: '/home/pi/printer_data/config/crowsnest.conf'
[12/12/22 00:11:01] crowsnest: 		[crowsnest]
[12/12/22 00:11:01] crowsnest: 		log_path: ~/printer_data/logs/crowsnest.log
[12/12/22 00:11:01] crowsnest: 		log_level: verbose
[12/12/22 00:11:01] crowsnest: 		delete_log: false
[12/12/22 00:11:01] crowsnest: 		
[12/12/22 00:11:01] crowsnest: 		[cam 1]
[12/12/22 00:11:01] crowsnest: 		mode: mjpg
[12/12/22 00:11:01] crowsnest: 		port: 8080
[12/12/22 00:11:01] crowsnest: 		device: /dev/video0
[12/12/22 00:11:01] crowsnest: 		resolution: 640x480
[12/12/22 00:11:01] crowsnest: 		max_fps: 15
[12/12/22 00:11:01] crowsnest: INFO: Detect available Devices
[12/12/22 00:11:01] crowsnest: ERROR: No usable Devices Found. Stopping crowsnest.
[12/12/22 00:11:07] crowsnest: crowsnest - A webcam Service for multiple Cams and Stream Services.
[12/12/22 00:11:07] crowsnest: Version: v3.0.6-12-gdc27e3f
[12/12/22 00:11:07] crowsnest: Prepare Startup ...
[12/12/22 00:11:07] crowsnest: INFO: Host information:
[12/12/22 00:11:07] crowsnest: Host Info: Distribution: Raspbian GNU/Linux 10 (buster)
[12/12/22 00:11:07] crowsnest: Host Info: Release: MainsailOS release 0.7.1 (buster)
[12/12/22 00:11:07] crowsnest: Host Info: Kernel: Linux 5.10.103-v7+ armv7l
[12/12/22 00:11:07] crowsnest: Host Info: Model: Raspberry Pi 3 Model B Rev 1.2
[12/12/22 00:11:07] crowsnest: Host Info: Available CPU Cores: 4
[12/12/22 00:11:07] crowsnest: Host Info: Available Memory: 892584 kB
[12/12/22 00:11:07] crowsnest: Host Info: Diskspace (avail. / total): 52G / 59G
[12/12/22 00:11:07] crowsnest: INFO: Checking Dependencys
[12/12/22 00:11:07] crowsnest: Dependency: 'crudini' found in /usr/bin/crudini.
[12/12/22 00:11:07] crowsnest: Dependency: 'find' found in /usr/bin/find.
[12/12/22 00:11:07] crowsnest: Dependency: 'logger' found in /usr/bin/logger.
[12/12/22 00:11:07] crowsnest: Dependency: 'xargs' found in /usr/bin/xargs.
[12/12/22 00:11:07] crowsnest: Dependency: 'ffmpeg' found in /usr/bin/ffmpeg.
[12/12/22 00:11:08] crowsnest: Dependency: 'ustreamer' found in bin/ustreamer/ustreamer.
[12/12/22 00:11:08] crowsnest: Dependency: 'rtsp-simple-server' found in bin/rtsp-simple-server/rtsp-simple-server.
[12/12/22 00:11:08] crowsnest: Version Control: ustreamer is up to date. (v4.13)
[12/12/22 00:11:08] crowsnest: Version Control: rtsp-simple-server is up to date. (v0.20.2)
[12/12/22 00:11:08] crowsnest: Version Control: ffmpeg is up to date. (4.1.10-0+deb10u1+rpt1)
[12/12/22 00:11:09] crowsnest: INFO: Print Configfile: '/home/pi/printer_data/config/crowsnest.conf'
[12/12/22 00:11:09] crowsnest: 		[crowsnest]
[12/12/22 00:11:09] crowsnest: 		log_path: ~/printer_data/logs/crowsnest.log
[12/12/22 00:11:09] crowsnest: 		log_level: verbose
[12/12/22 00:11:09] crowsnest: 		delete_log: false
[12/12/22 00:11:09] crowsnest: 		
[12/12/22 00:11:09] crowsnest: 		[cam 1]
[12/12/22 00:11:09] crowsnest: 		mode: mjpg
[12/12/22 00:11:09] crowsnest: 		port: 8080
[12/12/22 00:11:09] crowsnest: 		device: /dev/video0
[12/12/22 00:11:09] crowsnest: 		resolution: 640x480
[12/12/22 00:11:09] crowsnest: 		max_fps: 15
[12/12/22 00:11:09] crowsnest: INFO: Detect available Devices
[12/12/22 00:11:09] crowsnest: ERROR: No usable Devices Found. Stopping crowsnest.
[12/12/22 00:11:14] crowsnest: crowsnest - A webcam Service for multiple Cams and Stream Services.
[12/12/22 00:11:15] crowsnest: Version: v3.0.6-12-gdc27e3f
[12/12/22 00:11:15] crowsnest: Prepare Startup ...
[12/12/22 00:11:15] crowsnest: INFO: Host information:
[12/12/22 00:11:15] crowsnest: Host Info: Distribution: Raspbian GNU/Linux 10 (buster)
[12/12/22 00:11:15] crowsnest: Host Info: Release: MainsailOS release 0.7.1 (buster)
[12/12/22 00:11:15] crowsnest: Host Info: Kernel: Linux 5.10.103-v7+ armv7l
[12/12/22 00:11:15] crowsnest: Host Info: Model: Raspberry Pi 3 Model B Rev 1.2
[12/12/22 00:11:15] crowsnest: Host Info: Available CPU Cores: 4
[12/12/22 00:11:15] crowsnest: Host Info: Available Memory: 892584 kB
[12/12/22 00:11:15] crowsnest: Host Info: Diskspace (avail. / total): 52G / 59G
[12/12/22 00:11:15] crowsnest: INFO: Checking Dependencys
[12/12/22 00:11:15] crowsnest: Dependency: 'crudini' found in /usr/bin/crudini.
[12/12/22 00:11:15] crowsnest: Dependency: 'find' found in /usr/bin/find.
[12/12/22 00:11:15] crowsnest: Dependency: 'logger' found in /usr/bin/logger.
[12/12/22 00:11:15] crowsnest: Dependency: 'xargs' found in /usr/bin/xargs.
[12/12/22 00:11:15] crowsnest: Dependency: 'ffmpeg' found in /usr/bin/ffmpeg.
[12/12/22 00:11:15] crowsnest: Dependency: 'ustreamer' found in bin/ustreamer/ustreamer.
[12/12/22 00:11:15] crowsnest: Dependency: 'rtsp-simple-server' found in bin/rtsp-simple-server/rtsp-simple-server.
[12/12/22 00:11:15] crowsnest: Version Control: ustreamer is up to date. (v4.13)
[12/12/22 00:11:16] crowsnest: Version Control: rtsp-simple-server is up to date. (v0.20.2)
[12/12/22 00:11:16] crowsnest: Version Control: ffmpeg is up to date. (4.1.10-0+deb10u1+rpt1)
[12/12/22 00:11:16] crowsnest: INFO: Print Configfile: '/home/pi/printer_data/config/crowsnest.conf'
[12/12/22 00:11:16] crowsnest: 		[crowsnest]
[12/12/22 00:11:16] crowsnest: 		log_path: ~/printer_data/logs/crowsnest.log
[12/12/22 00:11:16] crowsnest: 		log_level: verbose
[12/12/22 00:11:16] crowsnest: 		delete_log: false
[12/12/22 00:11:16] crowsnest: 		
[12/12/22 00:11:16] crowsnest: 		[cam 1]
[12/12/22 00:11:16] crowsnest: 		mode: mjpg
[12/12/22 00:11:16] crowsnest: 		port: 8080
[12/12/22 00:11:16] crowsnest: 		device: /dev/video0
[12/12/22 00:11:17] crowsnest: 		resolution: 640x480
[12/12/22 00:11:17] crowsnest: 		max_fps: 15
[12/12/22 00:11:17] crowsnest: INFO: Detect available Devices
[12/12/22 00:11:17] crowsnest: ERROR: No usable Devices Found. Stopping crowsnest.
[12/12/22 00:11:22] crowsnest: crowsnest - A webcam Service for multiple Cams and Stream Services.
[12/12/22 00:11:22] crowsnest: Version: v3.0.6-12-gdc27e3f
[12/12/22 00:11:22] crowsnest: Prepare Startup ...
[12/12/22 00:11:23] crowsnest: INFO: Host information:
[12/12/22 00:11:23] crowsnest: Host Info: Distribution: Raspbian GNU/Linux 10 (buster)
[12/12/22 00:11:23] crowsnest: Host Info: Release: MainsailOS release 0.7.1 (buster)
[12/12/22 00:11:23] crowsnest: Host Info: Kernel: Linux 5.10.103-v7+ armv7l
[12/12/22 00:11:23] crowsnest: Host Info: Model: Raspberry Pi 3 Model B Rev 1.2
[12/12/22 00:11:23] crowsnest: Host Info: Available CPU Cores: 4
[12/12/22 00:11:23] crowsnest: Host Info: Available Memory: 892584 kB
[12/12/22 00:11:23] crowsnest: Host Info: Diskspace (avail. / total): 52G / 59G
[12/12/22 00:11:23] crowsnest: INFO: Checking Dependencys
[12/12/22 00:11:23] crowsnest: Dependency: 'crudini' found in /usr/bin/crudini.
[12/12/22 00:11:23] crowsnest: Dependency: 'find' found in /usr/bin/find.
[12/12/22 00:11:23] crowsnest: Dependency: 'logger' found in /usr/bin/logger.
[12/12/22 00:11:23] crowsnest: Dependency: 'xargs' found in /usr/bin/xargs.
[12/12/22 00:11:23] crowsnest: Dependency: 'ffmpeg' found in /usr/bin/ffmpeg.
[12/12/22 00:11:23] crowsnest: Dependency: 'ustreamer' found in bin/ustreamer/ustreamer.
[12/12/22 00:11:23] crowsnest: Dependency: 'rtsp-simple-server' found in bin/rtsp-simple-server/rtsp-simple-server.
[12/12/22 00:11:23] crowsnest: Version Control: ustreamer is up to date. (v4.13)
[12/12/22 00:11:23] crowsnest: Version Control: rtsp-simple-server is up to date. (v0.20.2)
[12/12/22 00:11:24] crowsnest: Version Control: ffmpeg is up to date. (4.1.10-0+deb10u1+rpt1)
[12/12/22 00:11:24] crowsnest: INFO: Print Configfile: '/home/pi/printer_data/config/crowsnest.conf'
[12/12/22 00:11:24] crowsnest: 		[crowsnest]
[12/12/22 00:11:24] crowsnest: 		log_path: ~/printer_data/logs/crowsnest.log
[12/12/22 00:11:24] crowsnest: 		log_level: verbose
[12/12/22 00:11:24] crowsnest: 		delete_log: false
[12/12/22 00:11:24] crowsnest: 		
[12/12/22 00:11:24] crowsnest: 		[cam 1]
[12/12/22 00:11:24] crowsnest: 		mode: mjpg
[12/12/22 00:11:24] crowsnest: 		port: 8080
[12/12/22 00:11:24] crowsnest: 		device: /dev/video0
[12/12/22 00:11:24] crowsnest: 		resolution: 640x480
[12/12/22 00:11:24] crowsnest: 		max_fps: 15
[12/12/22 00:11:24] crowsnest: INFO: Detect available Devices
[12/12/22 00:11:24] crowsnest: ERROR: No usable Devices Found. Stopping crowsnest.
[12/12/22 00:11:30] crowsnest: crowsnest - A webcam Service for multiple Cams and Stream Services.
[12/12/22 00:11:30] crowsnest: Version: v3.0.6-12-gdc27e3f
[12/12/22 00:11:30] crowsnest: Prepare Startup ...
[12/12/22 00:11:30] crowsnest: INFO: Host information:
[12/12/22 00:11:30] crowsnest: Host Info: Distribution: Raspbian GNU/Linux 10 (buster)
[12/12/22 00:11:30] crowsnest: Host Info: Release: MainsailOS release 0.7.1 (buster)
[12/12/22 00:11:30] crowsnest: Host Info: Kernel: Linux 5.10.103-v7+ armv7l
[12/12/22 00:11:30] crowsnest: Host Info: Model: Raspberry Pi 3 Model B Rev 1.2
[12/12/22 00:11:30] crowsnest: Host Info: Available CPU Cores: 4
[12/12/22 00:11:30] crowsnest: Host Info: Available Memory: 892584 kB
[12/12/22 00:11:30] crowsnest: Host Info: Diskspace (avail. / total): 52G / 59G
[12/12/22 00:11:30] crowsnest: INFO: Checking Dependencys
[12/12/22 00:11:30] crowsnest: Dependency: 'crudini' found in /usr/bin/crudini.
[12/12/22 00:11:31] crowsnest: Dependency: 'find' found in /usr/bin/find.
[12/12/22 00:11:31] crowsnest: Dependency: 'logger' found in /usr/bin/logger.
[12/12/22 00:11:31] crowsnest: Dependency: 'xargs' found in /usr/bin/xargs.
[12/12/22 00:11:31] crowsnest: Dependency: 'ffmpeg' found in /usr/bin/ffmpeg.
[12/12/22 00:11:31] crowsnest: Dependency: 'ustreamer' found in bin/ustreamer/ustreamer.
[12/12/22 00:11:31] crowsnest: Dependency: 'rtsp-simple-server' found in bin/rtsp-simple-server/rtsp-simple-server.
[12/12/22 00:11:31] crowsnest: Version Control: ustreamer is up to date. (v4.13)
[12/12/22 00:11:31] crowsnest: Version Control: rtsp-simple-server is up to date. (v0.20.2)
[12/12/22 00:11:32] crowsnest: Version Control: ffmpeg is up to date. (4.1.10-0+deb10u1+rpt1)
[12/12/22 00:11:32] crowsnest: INFO: Print Configfile: '/home/pi/printer_data/config/crowsnest.conf'
[12/12/22 00:11:32] crowsnest: 		[crowsnest]
[12/12/22 00:11:32] crowsnest: 		log_path: ~/printer_data/logs/crowsnest.log
[12/12/22 00:11:32] crowsnest: 		log_level: verbose
[12/12/22 00:11:32] crowsnest: 		delete_log: false
[12/12/22 00:11:32] crowsnest: 		
[12/12/22 00:11:32] crowsnest: 		[cam 1]
[12/12/22 00:11:32] crowsnest: 		mode: mjpg
[12/12/22 00:11:32] crowsnest: 		port: 8080
[12/12/22 00:11:32] crowsnest: 		device: /dev/video0
[12/12/22 00:11:32] crowsnest: 		resolution: 640x480
[12/12/22 00:11:32] crowsnest: 		max_fps: 15
[12/12/22 00:11:32] crowsnest: INFO: Detect available Devices
[12/12/22 00:11:32] crowsnest: ERROR: No usable Devices Found. Stopping crowsnest.
[12/12/22 00:11:38] crowsnest: crowsnest - A webcam Service for multiple Cams and Stream Services.
[12/12/22 00:11:38] crowsnest: Version: v3.0.6-12-gdc27e3f
[12/12/22 00:11:38] crowsnest: Prepare Startup ...
[12/12/22 00:11:38] crowsnest: INFO: Host information:
[12/12/22 00:11:38] crowsnest: Host Info: Distribution: Raspbian GNU/Linux 10 (buster)
[12/12/22 00:11:38] crowsnest: Host Info: Release: MainsailOS release 0.7.1 (buster)
[12/12/22 00:11:38] crowsnest: Host Info: Kernel: Linux 5.10.103-v7+ armv7l
[12/12/22 00:11:38] crowsnest: Host Info: Model: Raspberry Pi 3 Model B Rev 1.2
[12/12/22 00:11:38] crowsnest: Host Info: Available CPU Cores: 4
[12/12/22 00:11:38] crowsnest: Host Info: Available Memory: 892584 kB
[12/12/22 00:11:38] crowsnest: Host Info: Diskspace (avail. / total): 52G / 59G
[12/12/22 00:11:38] crowsnest: INFO: Checking Dependencys
[12/12/22 00:11:38] crowsnest: Dependency: 'crudini' found in /usr/bin/crudini.
[12/12/22 00:11:38] crowsnest: Dependency: 'find' found in /usr/bin/find.
[12/12/22 00:11:38] crowsnest: Dependency: 'logger' found in /usr/bin/logger.
[12/12/22 00:11:38] crowsnest: Dependency: 'xargs' found in /usr/bin/xargs.
[12/12/22 00:11:38] crowsnest: Dependency: 'ffmpeg' found in /usr/bin/ffmpeg.
[12/12/22 00:11:38] crowsnest: Dependency: 'ustreamer' found in bin/ustreamer/ustreamer.
[12/12/22 00:11:39] crowsnest: Dependency: 'rtsp-simple-server' found in bin/rtsp-simple-server/rtsp-simple-server.
[12/12/22 00:11:39] crowsnest: Version Control: ustreamer is up to date. (v4.13)
[12/12/22 00:11:39] crowsnest: Version Control: rtsp-simple-server is up to date. (v0.20.2)
[12/12/22 00:11:39] crowsnest: Version Control: ffmpeg is up to date. (4.1.10-0+deb10u1+rpt1)
[12/12/22 00:11:40] crowsnest: INFO: Print Configfile: '/home/pi/printer_data/config/crowsnest.conf'
[12/12/22 00:11:40] crowsnest: 		[crowsnest]
[12/12/22 00:11:40] crowsnest: 		log_path: ~/printer_data/logs/crowsnest.log
[12/12/22 00:11:40] crowsnest: 		log_level: verbose
[12/12/22 00:11:40] crowsnest: 		delete_log: false
[12/12/22 00:11:40] crowsnest: 		
[12/12/22 00:11:40] crowsnest: 		[cam 1]
[12/12/22 00:11:40] crowsnest: 		mode: mjpg
[12/12/22 00:11:40] crowsnest: 		port: 8080
[12/12/22 00:11:40] crowsnest: 		device: /dev/video0
[12/12/22 00:11:40] crowsnest: 		resolution: 640x480
[12/12/22 00:11:40] crowsnest: 		max_fps: 15
[12/12/22 00:11:40] crowsnest: INFO: Detect available Devices
[12/12/22 00:11:40] crowsnest: ERROR: No usable Devices Found. Stopping crowsnest.
[12/12/22 00:11:45] crowsnest: crowsnest - A webcam Service for multiple Cams and Stream Services.
[12/12/22 00:11:46] crowsnest: Version: v3.0.6-12-gdc27e3f
[12/12/22 00:11:46] crowsnest: Prepare Startup ...
[12/12/22 00:11:46] crowsnest: INFO: Host information:
[12/12/22 00:11:46] crowsnest: Host Info: Distribution: Raspbian GNU/Linux 10 (buster)
[12/12/22 00:11:46] crowsnest: Host Info: Release: MainsailOS release 0.7.1 (buster)
[12/12/22 00:11:46] crowsnest: Host Info: Kernel: Linux 5.10.103-v7+ armv7l
[12/12/22 00:11:46] crowsnest: Host Info: Model: Raspberry Pi 3 Model B Rev 1.2
[12/12/22 00:11:46] crowsnest: Host Info: Available CPU Cores: 4
[12/12/22 00:11:46] crowsnest: Host Info: Available Memory: 892584 kB
[12/12/22 00:11:46] crowsnest: Host Info: Diskspace (avail. / total): 52G / 59G
[12/12/22 00:11:46] crowsnest: INFO: Checking Dependencys
[12/12/22 00:11:46] crowsnest: Dependency: 'crudini' found in /usr/bin/crudini.
[12/12/22 00:11:46] crowsnest: Dependency: 'find' found in /usr/bin/find.
[12/12/22 00:11:46] crowsnest: Dependency: 'logger' found in /usr/bin/logger.
[12/12/22 00:11:46] crowsnest: Dependency: 'xargs' found in /usr/bin/xargs.
[12/12/22 00:11:46] crowsnest: Dependency: 'ffmpeg' found in /usr/bin/ffmpeg.
[12/12/22 00:11:46] crowsnest: Dependency: 'ustreamer' found in bin/ustreamer/ustreamer.
[12/12/22 00:11:46] crowsnest: Dependency: 'rtsp-simple-server' found in bin/rtsp-simple-server/rtsp-simple-server.
[12/12/22 00:11:46] crowsnest: Version Control: ustreamer is up to date. (v4.13)
[12/12/22 00:11:47] crowsnest: Version Control: rtsp-simple-server is up to date. (v0.20.2)
[12/12/22 00:11:47] crowsnest: Version Control: ffmpeg is up to date. (4.1.10-0+deb10u1+rpt1)
[12/12/22 00:11:47] crowsnest: INFO: Print Configfile: '/home/pi/printer_data/config/crowsnest.conf'
[12/12/22 00:11:47] crowsnest: 		[crowsnest]
[12/12/22 00:11:47] crowsnest: 		log_path: ~/printer_data/logs/crowsnest.log
[12/12/22 00:11:47] crowsnest: 		log_level: verbose
[12/12/22 00:11:47] crowsnest: 		delete_log: false
[12/12/22 00:11:47] crowsnest: 		
[12/12/22 00:11:47] crowsnest: 		[cam 1]
[12/12/22 00:11:47] crowsnest: 		mode: mjpg
[12/12/22 00:11:47] crowsnest: 		port: 8080
[12/12/22 00:11:47] crowsnest: 		device: /dev/video0
[12/12/22 00:11:47] crowsnest: 		resolution: 640x480
[12/12/22 00:11:48] crowsnest: 		max_fps: 15
[12/12/22 00:11:48] crowsnest: INFO: Detect available Devices
[12/12/22 00:11:48] crowsnest: ERROR: No usable Devices Found. Stopping crowsnest.
[12/12/22 00:11:53] crowsnest: crowsnest - A webcam Service for multiple Cams and Stream Services.
[12/12/22 00:11:53] crowsnest: Version: v3.0.6-12-gdc27e3f
[12/12/22 00:11:53] crowsnest: Prepare Startup ...
[12/12/22 00:11:54] crowsnest: INFO: Host information:
[12/12/22 00:11:54] crowsnest: Host Info: Distribution: Raspbian GNU/Linux 10 (buster)
[12/12/22 00:11:54] crowsnest: Host Info: Release: MainsailOS release 0.7.1 (buster)
[12/12/22 00:11:54] crowsnest: Host Info: Kernel: Linux 5.10.103-v7+ armv7l
[12/12/22 00:11:54] crowsnest: Host Info: Model: Raspberry Pi 3 Model B Rev 1.2
[12/12/22 00:11:54] crowsnest: Host Info: Available CPU Cores: 4
[12/12/22 00:11:54] crowsnest: Host Info: Available Memory: 892584 kB
[12/12/22 00:11:54] crowsnest: Host Info: Diskspace (avail. / total): 52G / 59G
[12/12/22 00:11:54] crowsnest: INFO: Checking Dependencys
[12/12/22 00:11:54] crowsnest: Dependency: 'crudini' found in /usr/bin/crudini.
[12/12/22 00:11:54] crowsnest: Dependency: 'find' found in /usr/bin/find.
[12/12/22 00:11:54] crowsnest: Dependency: 'logger' found in /usr/bin/logger.
[12/12/22 00:11:54] crowsnest: Dependency: 'xargs' found in /usr/bin/xargs.
[12/12/22 00:11:54] crowsnest: Dependency: 'ffmpeg' found in /usr/bin/ffmpeg.
[12/12/22 00:11:54] crowsnest: Dependency: 'ustreamer' found in bin/ustreamer/ustreamer.
[12/12/22 00:11:54] crowsnest: Dependency: 'rtsp-simple-server' found in bin/rtsp-simple-server/rtsp-simple-server.
[12/12/22 00:11:54] crowsnest: Version Control: ustreamer is up to date. (v4.13)
[12/12/22 00:11:54] crowsnest: Version Control: rtsp-simple-server is up to date. (v0.20.2)
[12/12/22 00:11:55] crowsnest: Version Control: ffmpeg is up to date. (4.1.10-0+deb10u1+rpt1)
[12/12/22 00:11:55] crowsnest: INFO: Print Configfile: '/home/pi/printer_data/config/crowsnest.conf'
[12/12/22 00:11:55] crowsnest: 		[crowsnest]
[12/12/22 00:11:55] crowsnest: 		log_path: ~/printer_data/logs/crowsnest.log
[12/12/22 00:11:55] crowsnest: 		log_level: verbose
[12/12/22 00:11:55] crowsnest: 		delete_log: false
[12/12/22 00:11:55] crowsnest: 		
[12/12/22 00:11:55] crowsnest: 		[cam 1]
[12/12/22 00:11:55] crowsnest: 		mode: mjpg
[12/12/22 00:11:55] crowsnest: 		port: 8080
[12/12/22 00:11:55] crowsnest: 		device: /dev/video0
[12/12/22 00:11:55] crowsnest: 		resolution: 640x480
[12/12/22 00:11:55] crowsnest: 		max_fps: 15
[12/12/22 00:11:55] crowsnest: INFO: Detect available Devices
[12/12/22 00:11:55] crowsnest: ERROR: No usable Devices Found. Stopping crowsnest.
