--------------------Moonraker Log Start--------------------
config_file: /home/pi/klipper_config/moonraker.conf
startup_warnings: []
log_file: /home/pi/klipper_logs/moonraker.log
software_version: v0.7.1-660-g5d856b9
python_version: 3.7.3 (default, Jan 22 2021, 20:04:44)  [GCC 8.3.0]

#################### Moonraker Configuration ####################

[server]
host = 0.0.0.0
port = 7125
enable_debug_logging = False
max_upload_size = 1024

[file_manager]
config_path = ~/klipper_config
log_path = ~/klipper_logs
enable_object_processing = False

[authorization]
cors_domains = 
	https://my.mainsail.xyz
	http://my.mainsail.xyz
	http://*.local
	http://*.lan
trusted_clients = 
	10.0.0.0/8
	127.0.0.0/8
	169.254.0.0/16
	172.16.0.0/12
	192.168.0.0/16
	FE80::/10
	::1/128

[octoprint_compat]

[history]

[announcements]
subscriptions = 
	mainsail

[update_manager]
refresh_interval = 168
enable_auto_refresh = True

[update_manager mainsail]
type = web
channel = stable
repo = mainsail-crew/mainsail
path = ~/mainsail

[update_manager crowsnest]
type = git_repo
path = ~/crowsnest
origin = https://github.com/mainsail-crew/crowsnest.git
managed_services = crowsnest

[update_manager sonar]
type = git_repo
path = ~/sonar
origin = https://github.com/mainsail-crew/sonar.git
primary_branch = main
managed_services = sonar

[update_manager KlipperScreen]
type = git_repo
path = /home/pi/KlipperScreen
origin = https://github.com/jordanruthe/KlipperScreen.git

[update_manager timelapse]
type = git_repo
primary_branch = main
path = ~/moonraker-timelapse
origin = https://github.com/mainsail-crew/moonraker-timelapse.git
managed_services = klipper moonraker
env = /home/pi/.KlipperScreen-env/bin/python
requirements = scripts/KlipperScreen-requirements.txt
install_script = scripts/KlipperScreen-install.sh

#################################################################
All Configuration Files:
/home/pi/klipper_config/moonraker.conf
#################################################################
Unsafe Shutdown Count: 38

System Info:

***python***
  version: sys.version_info(major=3, minor=7, micro=3, releaselevel='final', serial=0)
  version_string: 3.7.3 (default, Jan 22 2021, 20:04:44)  [GCC 8.3.0]

***cpu_info***
  cpu_count: 4
  bits: 32bit
  processor: armv7l
  cpu_desc: ARMv7 Processor rev 3 (v7l)
  serial_number: 100000001d4363a7
  hardware_desc: BCM2711
  model: Raspberry Pi 4 Model B Rev 1.4
  total_memory: 1734408
  memory_units: kB

***sd_info***
  manufacturer_id: 27
  manufacturer: Unknown
  oem_id: 5048
  product_name: SD32G
  product_revision: 6.0
  serial_number: 000002e1
  manufacturer_date: 6/2021
  capacity: 28.9 GiB
  total_bytes: 30989615104

***distribution***
  name: Raspbian GNU/Linux 10 (buster)
  id: raspbian
  version: 10
  version_parts: {'major': '10', 'minor': '', 'build_number': ''}
  like: debian
  codename: buster
  release_info: {'name': 'MainsailOS', 'version_id': '0.7.0', 'codename': 'buster', 'id': 'mainsailos'}

***virtualization***
  virt_type: none
  virt_identifier: none

Systemd unit moonraker.service:
unit_name: moonraker.service
is_default: True
Properties:
**Requires=['network-online.target', 'system.slice', '-.mount', 'sysinit.target']
**After=['basic.target', 'sysinit.target', 'klipper.service', 'system.slice', 'systemd-journald.socket', '-.mount', 'network-online.target']
**SupplementaryGroups=['moonraker-admin']
**EnvironmentFiles=[]
**ExecStart=/home/pi/moonraker-env/bin/python /home/pi/moonraker/moonraker/moonraker.py -c /home/pi/klipper_config/moonraker.conf -l /home/pi/klipper_logs/moonraker.log
**WorkingDirectory=/home/pi/moonraker
**FragmentPath=/etc/systemd/system/moonraker.service
**Description=API Server for Klipper
**User=pi
Klipper Version: v0.10.0-571-g97a5b39a
2022-09-12 00:31:18,197 [authorization.py:_prune_conn_handler()] - Trusted Connection Expired, IP: fe80::bdc9:b67f:d07b:8b81
2022-09-12 00:41:18,199 [authorization.py:_prune_conn_handler()] - Trusted Connection Expired, IP: 10.1.2.150
2022-09-12 01:51:24,896 [websockets.py:_process_messages()] - Websocket closed while writing: 2823119568
2022-09-12 01:51:29,798 [websockets.py:on_close()] - Websocket Closed: ID: 2823119568 Close Code: None, Close Reason: None, Pong Time Elapsed: 45.00
